<?xml version="1.0" encoding="UTF-8" standalone="no"?>
<!DOCTYPE log SYSTEM "logger.dtd">
<log>
<record>
  <date>2019-10-16T11:51:37</date>
  <millis>1571248297556</millis>
  <sequence>0</sequence>
  <level>START</level>
  <class>com.kms.katalon.core.logging.XmlKeywordLogger</class>
  <method>startSuite</method>
  <thread>1</thread>
  <message>Start Test Suite : Test Suites/Fuse all brands</message>
  <nestedLevel>0</nestedLevel>
  <property name="name">Fuse all brands</property>
  <property name="description"></property>
  <property name="id">Test Suites/Fuse all brands</property>
</record>
<record>
  <date>2019-10-16T11:51:37</date>
  <millis>1571248297573</millis>
  <sequence>1</sequence>
  <level>RUN_DATA</level>
  <class>com.kms.katalon.core.logging.XmlKeywordLogger</class>
  <method>logMessage</method>
  <thread>1</thread>
  <message>hostName = Matt.Browning - CLSLC_6446</message>
  <nestedLevel>0</nestedLevel>
  <property name="hostName">Matt.Browning - CLSLC_6446</property>
</record>
<record>
  <date>2019-10-16T11:51:37</date>
  <millis>1571248297574</millis>
  <sequence>2</sequence>
  <level>RUN_DATA</level>
  <class>com.kms.katalon.core.logging.XmlKeywordLogger</class>
  <method>logMessage</method>
  <thread>1</thread>
  <message>os = Windows 10 64bit</message>
  <nestedLevel>0</nestedLevel>
  <property name="os">Windows 10 64bit</property>
</record>
<record>
  <date>2019-10-16T11:51:37</date>
  <millis>1571248297575</millis>
  <sequence>3</sequence>
  <level>RUN_DATA</level>
  <class>com.kms.katalon.core.logging.XmlKeywordLogger</class>
  <method>logMessage</method>
  <thread>1</thread>
  <message>hostAddress = 10.1.59.15</message>
  <nestedLevel>0</nestedLevel>
  <property name="hostAddress">10.1.59.15</property>
</record>
<record>
  <date>2019-10-16T11:51:37</date>
  <millis>1571248297576</millis>
  <sequence>4</sequence>
  <level>RUN_DATA</level>
  <class>com.kms.katalon.core.logging.XmlKeywordLogger</class>
  <method>logMessage</method>
  <thread>1</thread>
  <message>katalonVersion = 6.2.1.2</message>
  <nestedLevel>0</nestedLevel>
  <property name="katalonVersion">6.2.1.2</property>
</record>
<record>
  <date>2019-10-16T11:51:37</date>
  <millis>1571248297973</millis>
  <sequence>5</sequence>
  <level>START</level>
  <class>com.kms.katalon.core.logging.XmlKeywordLogger</class>
  <method>startTest</method>
  <thread>1</thread>
  <message>Start Test Case : Test Cases/Matts sandbox/Vivint</message>
  <nestedLevel>1</nestedLevel>
  <property name="name">Test Cases/Matts sandbox/Vivint</property>
  <property name="description"></property>
  <property name="id">Test Cases/Matts sandbox/Vivint</property>
  <property name="source">C:\\Users\\Matt.Browning\\git\\CLTestsFUSEdev\\Test Cases\\Matts sandbox\\Vivint.tc</property>
  <property name="tag"></property>
  <property name="isOptional">false</property>
</record>
<record>
  <date>2019-10-16T11:51:39</date>
  <millis>1571248299439</millis>
  <sequence>7</sequence>
  <level>START</level>
  <class>com.kms.katalon.core.logging.XmlKeywordLogger</class>
  <method>startKeyword</method>
  <thread>1</thread>
  <message>Start action : openBrowser(\&amp;quot;https://fuse.staging.clearlink.com\&amp;quot;)</message>
  <nestedLevel>1</nestedLevel>
  <property name="startLine">16</property>
  <property name="stepIndex">1</property>
</record>
<record>
  <date>2019-10-16T11:51:40</date>
  <millis>1571248300239</millis>
  <sequence>9</sequence>
  <level>INFO</level>
  <class>com.kms.katalon.core.logging.XmlKeywordLogger</class>
  <method>logMessage</method>
  <thread>1</thread>
  <message>Starting &amp;apos;Chrome&amp;apos; driver</message>
  <nestedLevel>1</nestedLevel>
</record>
<record>
  <date>2019-10-16T11:51:40</date>
  <millis>1571248300383</millis>
  <sequence>11</sequence>
  <level>INFO</level>
  <class>com.kms.katalon.core.logging.XmlKeywordLogger</class>
  <method>logMessage</method>
  <thread>1</thread>
  <message>Action delay is set to 0 seconds</message>
  <nestedLevel>1</nestedLevel>
</record>
<record>
  <date>2019-10-16T11:51:49</date>
  <millis>1571248309388</millis>
  <sequence>13</sequence>
  <level>RUN_DATA</level>
  <class>com.kms.katalon.core.logging.XmlKeywordLogger</class>
  <method>logMessage</method>
  <thread>1</thread>
  <message>sessionId = 61002d7137b1b19c64ec454e06f3507d</message>
  <nestedLevel>1</nestedLevel>
  <property name="sessionId">61002d7137b1b19c64ec454e06f3507d</property>
</record>
<record>
  <date>2019-10-16T11:51:49</date>
  <millis>1571248309453</millis>
  <sequence>14</sequence>
  <level>RUN_DATA</level>
  <class>com.kms.katalon.core.logging.XmlKeywordLogger</class>
  <method>logMessage</method>
  <thread>1</thread>
  <message>browser = Chrome 77.0.3865.120</message>
  <nestedLevel>1</nestedLevel>
  <property name="browser">Chrome 77.0.3865.120</property>
</record>
<record>
  <date>2019-10-16T11:51:49</date>
  <millis>1571248309454</millis>
  <sequence>15</sequence>
  <level>RUN_DATA</level>
  <class>com.kms.katalon.core.logging.XmlKeywordLogger</class>
  <method>logMessage</method>
  <thread>1</thread>
  <message>platform = Windows 10</message>
  <nestedLevel>1</nestedLevel>
  <property name="platform">Windows 10</property>
</record>
<record>
  <date>2019-10-16T11:51:49</date>
  <millis>1571248309454</millis>
  <sequence>16</sequence>
  <level>RUN_DATA</level>
  <class>com.kms.katalon.core.logging.XmlKeywordLogger</class>
  <method>logMessage</method>
  <thread>1</thread>
  <message>seleniumVersion = 3.141.59</message>
  <nestedLevel>1</nestedLevel>
  <property name="seleniumVersion">3.141.59</property>
</record>
<record>
  <date>2019-10-16T11:51:49</date>
  <millis>1571248309455</millis>
  <sequence>17</sequence>
  <level>RUN_DATA</level>
  <class>com.kms.katalon.core.logging.XmlKeywordLogger</class>
  <method>logMessage</method>
  <thread>1</thread>
  <message>proxyInformation = ProxyInformation{proxyOption=NO_PROXY, proxyServerType=HTTP, password=, proxyServerAddress=, proxyServerPort=0}</message>
  <nestedLevel>1</nestedLevel>
  <property name="proxyInformation">ProxyInformation{proxyOption=NO_PROXY, proxyServerType=HTTP, password=, proxyServerAddress=, proxyServerPort=0}</property>
</record>
<record>
  <date>2019-10-16T11:51:50</date>
  <millis>1571248310667</millis>
  <sequence>19</sequence>
  <level>PASSED</level>
  <class>com.kms.katalon.core.logging.XmlKeywordLogger</class>
  <method>logMessage</method>
  <thread>1</thread>
  <message>Browser is opened with url: &amp;apos;https://fuse.staging.clearlink.com&amp;apos;</message>
  <nestedLevel>1</nestedLevel>
</record>
<record>
  <date>2019-10-16T11:51:50</date>
  <millis>1571248310668</millis>
  <sequence>20</sequence>
  <level>END</level>
  <class>com.kms.katalon.core.logging.XmlKeywordLogger</class>
  <method>endKeyword</method>
  <thread>1</thread>
  <message>End action : openBrowser(\&amp;quot;https://fuse.staging.clearlink.com\&amp;quot;)</message>
  <nestedLevel>1</nestedLevel>
</record>
<record>
  <date>2019-10-16T11:51:50</date>
  <millis>1571248310669</millis>
  <sequence>21</sequence>
  <level>START</level>
  <class>com.kms.katalon.core.logging.XmlKeywordLogger</class>
  <method>startKeyword</method>
  <thread>1</thread>
  <message>Start action : setText(findTestObject(\&amp;quot;UAT login/Page_Clearlink Authentication/input_to Fuse (Dev)_usr\&amp;quot;), \&amp;quot;vivint.qa@clearlink.com\&amp;quot;)</message>
  <nestedLevel>1</nestedLevel>
  <property name="startLine">18</property>
  <property name="stepIndex">2</property>
</record>
<record>
  <date>2019-10-16T11:51:51</date>
  <millis>1571248311046</millis>
  <sequence>30</sequence>
  <level>PASSED</level>
  <class>com.kms.katalon.core.logging.XmlKeywordLogger</class>
  <method>logMessage</method>
  <thread>1</thread>
  <message>Text &amp;apos;vivint.qa@clearlink.com&amp;apos; is set on object &amp;apos;Object Repository/UAT login/Page_Clearlink Authentication/input_to Fuse (Dev)_usr&amp;apos;</message>
  <nestedLevel>1</nestedLevel>
</record>
<record>
  <date>2019-10-16T11:51:51</date>
  <millis>1571248311047</millis>
  <sequence>31</sequence>
  <level>END</level>
  <class>com.kms.katalon.core.logging.XmlKeywordLogger</class>
  <method>endKeyword</method>
  <thread>1</thread>
  <message>End action : setText(findTestObject(\&amp;quot;UAT login/Page_Clearlink Authentication/input_to Fuse (Dev)_usr\&amp;quot;), \&amp;quot;vivint.qa@clearlink.com\&amp;quot;)</message>
  <nestedLevel>1</nestedLevel>
</record>
<record>
  <date>2019-10-16T11:51:51</date>
  <millis>1571248311047</millis>
  <sequence>32</sequence>
  <level>START</level>
  <class>com.kms.katalon.core.logging.XmlKeywordLogger</class>
  <method>startKeyword</method>
  <thread>1</thread>
  <message>Start action : setText(findTestObject(\&amp;quot;UAT login/Page_Clearlink Authentication/input_to Fuse (Dev)_pwd\&amp;quot;), \&amp;quot;Clink2019\&amp;quot;)</message>
  <nestedLevel>1</nestedLevel>
  <property name="startLine">20</property>
  <property name="stepIndex">3</property>
</record>
<record>
  <date>2019-10-16T11:51:51</date>
  <millis>1571248311283</millis>
  <sequence>41</sequence>
  <level>PASSED</level>
  <class>com.kms.katalon.core.logging.XmlKeywordLogger</class>
  <method>logMessage</method>
  <thread>1</thread>
  <message>Text &amp;apos;Clink2019&amp;apos; is set on object &amp;apos;Object Repository/UAT login/Page_Clearlink Authentication/input_to Fuse (Dev)_pwd&amp;apos;</message>
  <nestedLevel>1</nestedLevel>
</record>
<record>
  <date>2019-10-16T11:51:51</date>
  <millis>1571248311284</millis>
  <sequence>42</sequence>
  <level>END</level>
  <class>com.kms.katalon.core.logging.XmlKeywordLogger</class>
  <method>endKeyword</method>
  <thread>1</thread>
  <message>End action : setText(findTestObject(\&amp;quot;UAT login/Page_Clearlink Authentication/input_to Fuse (Dev)_pwd\&amp;quot;), \&amp;quot;Clink2019\&amp;quot;)</message>
  <nestedLevel>1</nestedLevel>
</record>
<record>
  <date>2019-10-16T11:51:51</date>
  <millis>1571248311284</millis>
  <sequence>43</sequence>
  <level>START</level>
  <class>com.kms.katalon.core.logging.XmlKeywordLogger</class>
  <method>startKeyword</method>
  <thread>1</thread>
  <message>Start action : click(findTestObject(\&amp;quot;REST examples/uatlogin1/Page_Clearlink Authentication/button_Login\&amp;quot;))</message>
  <nestedLevel>1</nestedLevel>
  <property name="startLine">22</property>
  <property name="stepIndex">4</property>
</record>
<record>
  <date>2019-10-16T11:51:56</date>
  <millis>1571248316478</millis>
  <sequence>50</sequence>
  <level>PASSED</level>
  <class>com.kms.katalon.core.logging.XmlKeywordLogger</class>
  <method>logMessage</method>
  <thread>1</thread>
  <message>Object: &amp;apos;Object Repository/REST examples/uatlogin1/Page_Clearlink Authentication/button_Login&amp;apos; is clicked on</message>
  <nestedLevel>1</nestedLevel>
</record>
<record>
  <date>2019-10-16T11:51:56</date>
  <millis>1571248316479</millis>
  <sequence>51</sequence>
  <level>END</level>
  <class>com.kms.katalon.core.logging.XmlKeywordLogger</class>
  <method>endKeyword</method>
  <thread>1</thread>
  <message>End action : click(findTestObject(\&amp;quot;REST examples/uatlogin1/Page_Clearlink Authentication/button_Login\&amp;quot;))</message>
  <nestedLevel>1</nestedLevel>
</record>
<record>
  <date>2019-10-16T11:51:56</date>
  <millis>1571248316479</millis>
  <sequence>52</sequence>
  <level>START</level>
  <class>com.kms.katalon.core.logging.XmlKeywordLogger</class>
  <method>startKeyword</method>
  <thread>1</thread>
  <message>Start action : waitForPageLoad(3)</message>
  <nestedLevel>1</nestedLevel>
  <property name="startLine">24</property>
  <property name="stepIndex">5</property>
</record>
<record>
  <date>2019-10-16T11:51:56</date>
  <millis>1571248316687</millis>
  <sequence>54</sequence>
  <level>PASSED</level>
  <class>com.kms.katalon.core.logging.XmlKeywordLogger</class>
  <method>logMessage</method>
  <thread>1</thread>
  <message>Wait for page load successfully</message>
  <nestedLevel>1</nestedLevel>
</record>
<record>
  <date>2019-10-16T11:51:56</date>
  <millis>1571248316687</millis>
  <sequence>55</sequence>
  <level>END</level>
  <class>com.kms.katalon.core.logging.XmlKeywordLogger</class>
  <method>endKeyword</method>
  <thread>1</thread>
  <message>End action : waitForPageLoad(3)</message>
  <nestedLevel>1</nestedLevel>
</record>
<record>
  <date>2019-10-16T11:51:56</date>
  <millis>1571248316689</millis>
  <sequence>56</sequence>
  <level>START</level>
  <class>com.kms.katalon.core.logging.XmlKeywordLogger</class>
  <method>startKeyword</method>
  <thread>1</thread>
  <message>Start action : maximizeWindow()</message>
  <nestedLevel>1</nestedLevel>
  <property name="startLine">26</property>
  <property name="stepIndex">6</property>
</record>
<record>
  <date>2019-10-16T11:52:01</date>
  <millis>1571248321118</millis>
  <sequence>58</sequence>
  <level>PASSED</level>
  <class>com.kms.katalon.core.logging.XmlKeywordLogger</class>
  <method>logMessage</method>
  <thread>1</thread>
  <message>Current window maximized</message>
  <nestedLevel>1</nestedLevel>
</record>
<record>
  <date>2019-10-16T11:52:01</date>
  <millis>1571248321119</millis>
  <sequence>59</sequence>
  <level>END</level>
  <class>com.kms.katalon.core.logging.XmlKeywordLogger</class>
  <method>endKeyword</method>
  <thread>1</thread>
  <message>End action : maximizeWindow()</message>
  <nestedLevel>1</nestedLevel>
</record>
<record>
  <date>2019-10-16T11:52:01</date>
  <millis>1571248321119</millis>
  <sequence>60</sequence>
  <level>START</level>
  <class>com.kms.katalon.core.logging.XmlKeywordLogger</class>
  <method>startKeyword</method>
  <thread>1</thread>
  <message>Start action : click(findTestObject(\&amp;quot;Matts objects/vivint customer slab/Page_ Fuse (Vivint qa)/a_VIV\&amp;quot;))</message>
  <nestedLevel>1</nestedLevel>
  <property name="startLine">28</property>
  <property name="stepIndex">7</property>
</record>
<record>
  <date>2019-10-16T11:52:01</date>
  <millis>1571248321367</millis>
  <sequence>67</sequence>
  <level>PASSED</level>
  <class>com.kms.katalon.core.logging.XmlKeywordLogger</class>
  <method>logMessage</method>
  <thread>1</thread>
  <message>Object: &amp;apos;Object Repository/Matts objects/vivint customer slab/Page_ Fuse (Vivint qa)/a_VIV&amp;apos; is clicked on</message>
  <nestedLevel>1</nestedLevel>
</record>
<record>
  <date>2019-10-16T11:52:01</date>
  <millis>1571248321368</millis>
  <sequence>68</sequence>
  <level>END</level>
  <class>com.kms.katalon.core.logging.XmlKeywordLogger</class>
  <method>endKeyword</method>
  <thread>1</thread>
  <message>End action : click(findTestObject(\&amp;quot;Matts objects/vivint customer slab/Page_ Fuse (Vivint qa)/a_VIV\&amp;quot;))</message>
  <nestedLevel>1</nestedLevel>
</record>
<record>
  <date>2019-10-16T11:52:01</date>
  <millis>1571248321368</millis>
  <sequence>69</sequence>
  <level>START</level>
  <class>com.kms.katalon.core.logging.XmlKeywordLogger</class>
  <method>startKeyword</method>
  <thread>1</thread>
  <message>Start action : switchToWindowIndex(\&amp;quot;1\&amp;quot;)</message>
  <nestedLevel>1</nestedLevel>
  <property name="startLine">30</property>
  <property name="stepIndex">8</property>
</record>
<record>
  <date>2019-10-16T11:52:01</date>
  <millis>1571248321470</millis>
  <sequence>72</sequence>
  <level>PASSED</level>
  <class>com.kms.katalon.core.logging.XmlKeywordLogger</class>
  <method>logMessage</method>
  <thread>1</thread>
  <message>Switched to window with index: &amp;apos;1&amp;apos;</message>
  <nestedLevel>1</nestedLevel>
</record>
<record>
  <date>2019-10-16T11:52:01</date>
  <millis>1571248321473</millis>
  <sequence>73</sequence>
  <level>END</level>
  <class>com.kms.katalon.core.logging.XmlKeywordLogger</class>
  <method>endKeyword</method>
  <thread>1</thread>
  <message>End action : switchToWindowIndex(\&amp;quot;1\&amp;quot;)</message>
  <nestedLevel>1</nestedLevel>
</record>
<record>
  <date>2019-10-16T11:52:01</date>
  <millis>1571248321473</millis>
  <sequence>74</sequence>
  <level>START</level>
  <class>com.kms.katalon.core.logging.XmlKeywordLogger</class>
  <method>startKeyword</method>
  <thread>1</thread>
  <message>Start action : setText(findTestObject(\&amp;quot;Matts objects/vivint customer/Page_ Fuse (Vivint qa)/input_First Name _customer_first_name\&amp;quot;), \&amp;quot;Test\&amp;quot;)</message>
  <nestedLevel>1</nestedLevel>
  <property name="startLine">32</property>
  <property name="stepIndex">9</property>
</record>
<record>
  <date>2019-10-16T11:52:05</date>
  <millis>1571248325900</millis>
  <sequence>83</sequence>
  <level>PASSED</level>
  <class>com.kms.katalon.core.logging.XmlKeywordLogger</class>
  <method>logMessage</method>
  <thread>1</thread>
  <message>Text &amp;apos;Test&amp;apos; is set on object &amp;apos;Object Repository/Matts objects/vivint customer/Page_ Fuse (Vivint qa)/input_First Name _customer_first_name&amp;apos;</message>
  <nestedLevel>1</nestedLevel>
</record>
<record>
  <date>2019-10-16T11:52:05</date>
  <millis>1571248325901</millis>
  <sequence>84</sequence>
  <level>END</level>
  <class>com.kms.katalon.core.logging.XmlKeywordLogger</class>
  <method>endKeyword</method>
  <thread>1</thread>
  <message>End action : setText(findTestObject(\&amp;quot;Matts objects/vivint customer/Page_ Fuse (Vivint qa)/input_First Name _customer_first_name\&amp;quot;), \&amp;quot;Test\&amp;quot;)</message>
  <nestedLevel>1</nestedLevel>
</record>
<record>
  <date>2019-10-16T11:52:05</date>
  <millis>1571248325901</millis>
  <sequence>85</sequence>
  <level>START</level>
  <class>com.kms.katalon.core.logging.XmlKeywordLogger</class>
  <method>startKeyword</method>
  <thread>1</thread>
  <message>Start action : setText(findTestObject(\&amp;quot;Matts objects/vivint customer/Page_ Fuse (Vivint qa)/input_Last Name _customer_last_name\&amp;quot;), \&amp;quot;Vivint\&amp;quot;)</message>
  <nestedLevel>1</nestedLevel>
  <property name="startLine">35</property>
  <property name="stepIndex">10</property>
</record>
<record>
  <date>2019-10-16T11:52:06</date>
  <millis>1571248326411</millis>
  <sequence>94</sequence>
  <level>PASSED</level>
  <class>com.kms.katalon.core.logging.XmlKeywordLogger</class>
  <method>logMessage</method>
  <thread>1</thread>
  <message>Text &amp;apos;Vivint&amp;apos; is set on object &amp;apos;Object Repository/Matts objects/vivint customer/Page_ Fuse (Vivint qa)/input_Last Name _customer_last_name&amp;apos;</message>
  <nestedLevel>1</nestedLevel>
</record>
<record>
  <date>2019-10-16T11:52:06</date>
  <millis>1571248326412</millis>
  <sequence>95</sequence>
  <level>END</level>
  <class>com.kms.katalon.core.logging.XmlKeywordLogger</class>
  <method>endKeyword</method>
  <thread>1</thread>
  <message>End action : setText(findTestObject(\&amp;quot;Matts objects/vivint customer/Page_ Fuse (Vivint qa)/input_Last Name _customer_last_name\&amp;quot;), \&amp;quot;Vivint\&amp;quot;)</message>
  <nestedLevel>1</nestedLevel>
</record>
<record>
  <date>2019-10-16T11:52:06</date>
  <millis>1571248326413</millis>
  <sequence>96</sequence>
  <level>START</level>
  <class>com.kms.katalon.core.logging.XmlKeywordLogger</class>
  <method>startKeyword</method>
  <thread>1</thread>
  <message>Start action : setText(findTestObject(\&amp;quot;Matts objects/vivint customer/Page_ Fuse (Vivint qa)/input_Email _customer_emails_primary_email\&amp;quot;), \&amp;quot;test@testing.com\&amp;quot;)</message>
  <nestedLevel>1</nestedLevel>
  <property name="startLine">38</property>
  <property name="stepIndex">11</property>
</record>
<record>
  <date>2019-10-16T11:52:07</date>
  <millis>1571248327200</millis>
  <sequence>105</sequence>
  <level>PASSED</level>
  <class>com.kms.katalon.core.logging.XmlKeywordLogger</class>
  <method>logMessage</method>
  <thread>1</thread>
  <message>Text &amp;apos;test@testing.com&amp;apos; is set on object &amp;apos;Object Repository/Matts objects/vivint customer/Page_ Fuse (Vivint qa)/input_Email _customer_emails_primary_email&amp;apos;</message>
  <nestedLevel>1</nestedLevel>
</record>
<record>
  <date>2019-10-16T11:52:07</date>
  <millis>1571248327201</millis>
  <sequence>106</sequence>
  <level>END</level>
  <class>com.kms.katalon.core.logging.XmlKeywordLogger</class>
  <method>endKeyword</method>
  <thread>1</thread>
  <message>End action : setText(findTestObject(\&amp;quot;Matts objects/vivint customer/Page_ Fuse (Vivint qa)/input_Email _customer_emails_primary_email\&amp;quot;), \&amp;quot;test@testing.com\&amp;quot;)</message>
  <nestedLevel>1</nestedLevel>
</record>
<record>
  <date>2019-10-16T11:52:07</date>
  <millis>1571248327201</millis>
  <sequence>107</sequence>
  <level>START</level>
  <class>com.kms.katalon.core.logging.XmlKeywordLogger</class>
  <method>startKeyword</method>
  <thread>1</thread>
  <message>Start action : setText(findTestObject(\&amp;quot;Matts objects/vivint customer/Page_ Fuse (Vivint qa)/input_Zip Code _customer_addresses_primary_zip_code\&amp;quot;), \&amp;quot;84084\&amp;quot;)</message>
  <nestedLevel>1</nestedLevel>
  <property name="startLine">43</property>
  <property name="stepIndex">12</property>
</record>
<record>
  <date>2019-10-16T11:52:07</date>
  <millis>1571248327535</millis>
  <sequence>116</sequence>
  <level>PASSED</level>
  <class>com.kms.katalon.core.logging.XmlKeywordLogger</class>
  <method>logMessage</method>
  <thread>1</thread>
  <message>Text &amp;apos;84084&amp;apos; is set on object &amp;apos;Object Repository/Matts objects/vivint customer/Page_ Fuse (Vivint qa)/input_Zip Code _customer_addresses_primary_zip_code&amp;apos;</message>
  <nestedLevel>1</nestedLevel>
</record>
<record>
  <date>2019-10-16T11:52:07</date>
  <millis>1571248327536</millis>
  <sequence>117</sequence>
  <level>END</level>
  <class>com.kms.katalon.core.logging.XmlKeywordLogger</class>
  <method>endKeyword</method>
  <thread>1</thread>
  <message>End action : setText(findTestObject(\&amp;quot;Matts objects/vivint customer/Page_ Fuse (Vivint qa)/input_Zip Code _customer_addresses_primary_zip_code\&amp;quot;), \&amp;quot;84084\&amp;quot;)</message>
  <nestedLevel>1</nestedLevel>
</record>
<record>
  <date>2019-10-16T11:52:07</date>
  <millis>1571248327536</millis>
  <sequence>118</sequence>
  <level>START</level>
  <class>com.kms.katalon.core.logging.XmlKeywordLogger</class>
  <method>startKeyword</method>
  <thread>1</thread>
  <message>Start action : setText(findTestObject(\&amp;quot;Matts objects/vivint customer/Page_ Fuse (Vivint qa)/input_Street Address _customer_addresses_primary_line1\&amp;quot;), \&amp;quot;1222 W Athleen dr\&amp;quot;)</message>
  <nestedLevel>1</nestedLevel>
  <property name="startLine">46</property>
  <property name="stepIndex">13</property>
</record>
<record>
  <date>2019-10-16T11:52:07</date>
  <millis>1571248327866</millis>
  <sequence>127</sequence>
  <level>PASSED</level>
  <class>com.kms.katalon.core.logging.XmlKeywordLogger</class>
  <method>logMessage</method>
  <thread>1</thread>
  <message>Text &amp;apos;1222 W Athleen dr&amp;apos; is set on object &amp;apos;Object Repository/Matts objects/vivint customer/Page_ Fuse (Vivint qa)/input_Street Address _customer_addresses_primary_line1&amp;apos;</message>
  <nestedLevel>1</nestedLevel>
</record>
<record>
  <date>2019-10-16T11:52:07</date>
  <millis>1571248327867</millis>
  <sequence>128</sequence>
  <level>END</level>
  <class>com.kms.katalon.core.logging.XmlKeywordLogger</class>
  <method>endKeyword</method>
  <thread>1</thread>
  <message>End action : setText(findTestObject(\&amp;quot;Matts objects/vivint customer/Page_ Fuse (Vivint qa)/input_Street Address _customer_addresses_primary_line1\&amp;quot;), \&amp;quot;1222 W Athleen dr\&amp;quot;)</message>
  <nestedLevel>1</nestedLevel>
</record>
<record>
  <date>2019-10-16T11:52:07</date>
  <millis>1571248327867</millis>
  <sequence>129</sequence>
  <level>START</level>
  <class>com.kms.katalon.core.logging.XmlKeywordLogger</class>
  <method>startKeyword</method>
  <thread>1</thread>
  <message>Start action : click(findTestObject(\&amp;quot;Matts objects/vivint customer/Page_ Fuse (Vivint qa)/span_Yes\&amp;quot;))</message>
  <nestedLevel>1</nestedLevel>
  <property name="startLine">49</property>
  <property name="stepIndex">14</property>
</record>
<record>
  <date>2019-10-16T11:52:08</date>
  <millis>1571248328117</millis>
  <sequence>136</sequence>
  <level>PASSED</level>
  <class>com.kms.katalon.core.logging.XmlKeywordLogger</class>
  <method>logMessage</method>
  <thread>1</thread>
  <message>Object: &amp;apos;Object Repository/Matts objects/vivint customer/Page_ Fuse (Vivint qa)/span_Yes&amp;apos; is clicked on</message>
  <nestedLevel>1</nestedLevel>
</record>
<record>
  <date>2019-10-16T11:52:08</date>
  <millis>1571248328118</millis>
  <sequence>137</sequence>
  <level>END</level>
  <class>com.kms.katalon.core.logging.XmlKeywordLogger</class>
  <method>endKeyword</method>
  <thread>1</thread>
  <message>End action : click(findTestObject(\&amp;quot;Matts objects/vivint customer/Page_ Fuse (Vivint qa)/span_Yes\&amp;quot;))</message>
  <nestedLevel>1</nestedLevel>
</record>
<record>
  <date>2019-10-16T11:52:08</date>
  <millis>1571248328119</millis>
  <sequence>138</sequence>
  <level>START</level>
  <class>com.kms.katalon.core.logging.XmlKeywordLogger</class>
  <method>startKeyword</method>
  <thread>1</thread>
  <message>Start action : setText(findTestObject(\&amp;quot;Matts objects/vivint customer/Page_ Fuse (Vivint qa)/input_City _customer_addresses_primary_city\&amp;quot;), \&amp;quot;West Jordan\&amp;quot;)</message>
  <nestedLevel>1</nestedLevel>
  <property name="startLine">51</property>
  <property name="stepIndex">15</property>
</record>
<record>
  <date>2019-10-16T11:52:08</date>
  <millis>1571248328808</millis>
  <sequence>147</sequence>
  <level>PASSED</level>
  <class>com.kms.katalon.core.logging.XmlKeywordLogger</class>
  <method>logMessage</method>
  <thread>1</thread>
  <message>Text &amp;apos;West Jordan&amp;apos; is set on object &amp;apos;Object Repository/Matts objects/vivint customer/Page_ Fuse (Vivint qa)/input_City _customer_addresses_primary_city&amp;apos;</message>
  <nestedLevel>1</nestedLevel>
</record>
<record>
  <date>2019-10-16T11:52:08</date>
  <millis>1571248328811</millis>
  <sequence>148</sequence>
  <level>END</level>
  <class>com.kms.katalon.core.logging.XmlKeywordLogger</class>
  <method>endKeyword</method>
  <thread>1</thread>
  <message>End action : setText(findTestObject(\&amp;quot;Matts objects/vivint customer/Page_ Fuse (Vivint qa)/input_City _customer_addresses_primary_city\&amp;quot;), \&amp;quot;West Jordan\&amp;quot;)</message>
  <nestedLevel>1</nestedLevel>
</record>
<record>
  <date>2019-10-16T11:52:08</date>
  <millis>1571248328811</millis>
  <sequence>149</sequence>
  <level>START</level>
  <class>com.kms.katalon.core.logging.XmlKeywordLogger</class>
  <method>startKeyword</method>
  <thread>1</thread>
  <message>Start action : selectOptionByIndex(findTestObject(\&amp;quot;Matts objects/vivint customer/Page_ Fuse (Vivint qa)/select_AlabamaAlaskaArizonaArkansas\&amp;quot;), 45)</message>
  <nestedLevel>1</nestedLevel>
  <property name="startLine">54</property>
  <property name="stepIndex">16</property>
</record>
<record>
  <date>2019-10-16T11:52:09</date>
  <millis>1571248329682</millis>
  <sequence>161</sequence>
  <level>PASSED</level>
  <class>com.kms.katalon.core.logging.XmlKeywordLogger</class>
  <method>logMessage</method>
  <thread>1</thread>
  <message>All options with index in [45] are selected on object &amp;apos;Object Repository/Matts objects/vivint customer/Page_ Fuse (Vivint qa)/select_AlabamaAlaskaArizonaArkansas&amp;apos;</message>
  <nestedLevel>1</nestedLevel>
</record>
<record>
  <date>2019-10-16T11:52:09</date>
  <millis>1571248329682</millis>
  <sequence>162</sequence>
  <level>END</level>
  <class>com.kms.katalon.core.logging.XmlKeywordLogger</class>
  <method>endKeyword</method>
  <thread>1</thread>
  <message>End action : selectOptionByIndex(findTestObject(\&amp;quot;Matts objects/vivint customer/Page_ Fuse (Vivint qa)/select_AlabamaAlaskaArizonaArkansas\&amp;quot;), 45)</message>
  <nestedLevel>1</nestedLevel>
</record>
<record>
  <date>2019-10-16T11:52:09</date>
  <millis>1571248329683</millis>
  <sequence>163</sequence>
  <level>START</level>
  <class>com.kms.katalon.core.logging.XmlKeywordLogger</class>
  <method>startKeyword</method>
  <thread>1</thread>
  <message>Start action : delay(1)</message>
  <nestedLevel>1</nestedLevel>
  <property name="startLine">57</property>
  <property name="stepIndex">17</property>
</record>
<record>
  <date>2019-10-16T11:52:10</date>
  <millis>1571248330757</millis>
  <sequence>165</sequence>
  <level>PASSED</level>
  <class>com.kms.katalon.core.logging.XmlKeywordLogger</class>
  <method>logMessage</method>
  <thread>1</thread>
  <message>Delayed 1 second(s)</message>
  <nestedLevel>1</nestedLevel>
</record>
<record>
  <date>2019-10-16T11:52:10</date>
  <millis>1571248330758</millis>
  <sequence>166</sequence>
  <level>END</level>
  <class>com.kms.katalon.core.logging.XmlKeywordLogger</class>
  <method>endKeyword</method>
  <thread>1</thread>
  <message>End action : delay(1)</message>
  <nestedLevel>1</nestedLevel>
</record>
<record>
  <date>2019-10-16T11:52:10</date>
  <millis>1571248330760</millis>
  <sequence>167</sequence>
  <level>START</level>
  <class>com.kms.katalon.core.logging.XmlKeywordLogger</class>
  <method>startKeyword</method>
  <thread>1</thread>
  <message>Start action : click(findTestObject(\&amp;quot;Matts objects/vivint customer slab/Page_ Fuse (Vivint qa)/button_Next\&amp;quot;))</message>
  <nestedLevel>1</nestedLevel>
  <property name="startLine">59</property>
  <property name="stepIndex">18</property>
</record>
<record>
  <date>2019-10-16T11:52:11</date>
  <millis>1571248331095</millis>
  <sequence>174</sequence>
  <level>PASSED</level>
  <class>com.kms.katalon.core.logging.XmlKeywordLogger</class>
  <method>logMessage</method>
  <thread>1</thread>
  <message>Object: &amp;apos;Object Repository/Matts objects/vivint customer slab/Page_ Fuse (Vivint qa)/button_Next&amp;apos; is clicked on</message>
  <nestedLevel>1</nestedLevel>
</record>
<record>
  <date>2019-10-16T11:52:11</date>
  <millis>1571248331096</millis>
  <sequence>175</sequence>
  <level>END</level>
  <class>com.kms.katalon.core.logging.XmlKeywordLogger</class>
  <method>endKeyword</method>
  <thread>1</thread>
  <message>End action : click(findTestObject(\&amp;quot;Matts objects/vivint customer slab/Page_ Fuse (Vivint qa)/button_Next\&amp;quot;))</message>
  <nestedLevel>1</nestedLevel>
</record>
<record>
  <date>2019-10-16T11:52:11</date>
  <millis>1571248331097</millis>
  <sequence>176</sequence>
  <level>START</level>
  <class>com.kms.katalon.core.logging.XmlKeywordLogger</class>
  <method>startKeyword</method>
  <thread>1</thread>
  <message>Start action : waitForElementVisible(findTestObject(\&amp;quot;Matts objects/vivint springboard/Page_ Fuse (Vivint qa)/h1_Springboard\&amp;quot;), 0)</message>
  <nestedLevel>1</nestedLevel>
  <property name="startLine">61</property>
  <property name="stepIndex">19</property>
</record>
<record>
  <date>2019-10-16T11:52:11</date>
  <millis>1571248331153</millis>
  <sequence>180</sequence>
  <level>WARNING</level>
  <class>com.kms.katalon.core.logging.XmlKeywordLogger</class>
  <method>logMessage</method>
  <thread>1</thread>
  <message>Timeout &amp;apos;0&amp;apos; is invalid. Using default page load timeout: &amp;apos;30&amp;apos;</message>
  <nestedLevel>1</nestedLevel>
</record>
<record>
  <date>2019-10-16T11:52:12</date>
  <millis>1571248332412</millis>
  <sequence>184</sequence>
  <level>PASSED</level>
  <class>com.kms.katalon.core.logging.XmlKeywordLogger</class>
  <method>logMessage</method>
  <thread>1</thread>
  <message>Object &amp;apos;Object Repository/Matts objects/vivint springboard/Page_ Fuse (Vivint qa)/h1_Springboard&amp;apos; is visible</message>
  <nestedLevel>1</nestedLevel>
</record>
<record>
  <date>2019-10-16T11:52:12</date>
  <millis>1571248332413</millis>
  <sequence>185</sequence>
  <level>END</level>
  <class>com.kms.katalon.core.logging.XmlKeywordLogger</class>
  <method>endKeyword</method>
  <thread>1</thread>
  <message>End action : waitForElementVisible(findTestObject(\&amp;quot;Matts objects/vivint springboard/Page_ Fuse (Vivint qa)/h1_Springboard\&amp;quot;), 0)</message>
  <nestedLevel>1</nestedLevel>
</record>
<record>
  <date>2019-10-16T11:52:12</date>
  <millis>1571248332413</millis>
  <sequence>186</sequence>
  <level>START</level>
  <class>com.kms.katalon.core.logging.XmlKeywordLogger</class>
  <method>startKeyword</method>
  <thread>1</thread>
  <message>Start action : click(findTestObject(\&amp;quot;Matts objects/vivint springboard/Page_ Fuse (Vivint qa)/button_Next\&amp;quot;))</message>
  <nestedLevel>1</nestedLevel>
  <property name="startLine">63</property>
  <property name="stepIndex">20</property>
</record>
<record>
  <date>2019-10-16T11:52:12</date>
  <millis>1571248332542</millis>
  <sequence>193</sequence>
  <level>PASSED</level>
  <class>com.kms.katalon.core.logging.XmlKeywordLogger</class>
  <method>logMessage</method>
  <thread>1</thread>
  <message>Object: &amp;apos;Object Repository/Matts objects/vivint springboard/Page_ Fuse (Vivint qa)/button_Next&amp;apos; is clicked on</message>
  <nestedLevel>1</nestedLevel>
</record>
<record>
  <date>2019-10-16T11:52:12</date>
  <millis>1571248332543</millis>
  <sequence>194</sequence>
  <level>END</level>
  <class>com.kms.katalon.core.logging.XmlKeywordLogger</class>
  <method>endKeyword</method>
  <thread>1</thread>
  <message>End action : click(findTestObject(\&amp;quot;Matts objects/vivint springboard/Page_ Fuse (Vivint qa)/button_Next\&amp;quot;))</message>
  <nestedLevel>1</nestedLevel>
</record>
<record>
  <date>2019-10-16T11:52:12</date>
  <millis>1571248332543</millis>
  <sequence>195</sequence>
  <level>START</level>
  <class>com.kms.katalon.core.logging.XmlKeywordLogger</class>
  <method>startKeyword</method>
  <thread>1</thread>
  <message>Start action : waitForElementVisible(findTestObject(\&amp;quot;Matts objects/vivint products/Page_ Fuse (Vivint qa)/h1_Products\&amp;quot;), 4)</message>
  <nestedLevel>1</nestedLevel>
  <property name="startLine">65</property>
  <property name="stepIndex">21</property>
</record>
<record>
  <date>2019-10-16T11:52:13</date>
  <millis>1571248333478</millis>
  <sequence>202</sequence>
  <level>PASSED</level>
  <class>com.kms.katalon.core.logging.XmlKeywordLogger</class>
  <method>logMessage</method>
  <thread>1</thread>
  <message>Object &amp;apos;Object Repository/Matts objects/vivint products/Page_ Fuse (Vivint qa)/h1_Products&amp;apos; is visible</message>
  <nestedLevel>1</nestedLevel>
</record>
<record>
  <date>2019-10-16T11:52:13</date>
  <millis>1571248333478</millis>
  <sequence>203</sequence>
  <level>END</level>
  <class>com.kms.katalon.core.logging.XmlKeywordLogger</class>
  <method>endKeyword</method>
  <thread>1</thread>
  <message>End action : waitForElementVisible(findTestObject(\&amp;quot;Matts objects/vivint products/Page_ Fuse (Vivint qa)/h1_Products\&amp;quot;), 4)</message>
  <nestedLevel>1</nestedLevel>
</record>
<record>
  <date>2019-10-16T11:52:13</date>
  <millis>1571248333479</millis>
  <sequence>204</sequence>
  <level>START</level>
  <class>com.kms.katalon.core.logging.XmlKeywordLogger</class>
  <method>startKeyword</method>
  <thread>1</thread>
  <message>Start action : setText(findTestObject(\&amp;quot;Matts objects/vivint products/Page_ Fuse (Vivint qa)/vivint opportunity number\&amp;quot;), \&amp;quot;123456789\&amp;quot;)</message>
  <nestedLevel>1</nestedLevel>
  <property name="startLine">67</property>
  <property name="stepIndex">22</property>
</record>
<record>
  <date>2019-10-16T11:52:14</date>
  <millis>1571248334159</millis>
  <sequence>213</sequence>
  <level>PASSED</level>
  <class>com.kms.katalon.core.logging.XmlKeywordLogger</class>
  <method>logMessage</method>
  <thread>1</thread>
  <message>Text &amp;apos;123456789&amp;apos; is set on object &amp;apos;Object Repository/Matts objects/vivint products/Page_ Fuse (Vivint qa)/vivint opportunity number&amp;apos;</message>
  <nestedLevel>1</nestedLevel>
</record>
<record>
  <date>2019-10-16T11:52:14</date>
  <millis>1571248334160</millis>
  <sequence>214</sequence>
  <level>END</level>
  <class>com.kms.katalon.core.logging.XmlKeywordLogger</class>
  <method>endKeyword</method>
  <thread>1</thread>
  <message>End action : setText(findTestObject(\&amp;quot;Matts objects/vivint products/Page_ Fuse (Vivint qa)/vivint opportunity number\&amp;quot;), \&amp;quot;123456789\&amp;quot;)</message>
  <nestedLevel>1</nestedLevel>
</record>
<record>
  <date>2019-10-16T11:52:14</date>
  <millis>1571248334161</millis>
  <sequence>215</sequence>
  <level>START</level>
  <class>com.kms.katalon.core.logging.XmlKeywordLogger</class>
  <method>startKeyword</method>
  <thread>1</thread>
  <message>Start action : setText(findTestObject(\&amp;quot;Matts objects/vivint products/Page_ Fuse (Vivint qa)/discount applied\&amp;quot;), \&amp;quot;200\&amp;quot;)</message>
  <nestedLevel>1</nestedLevel>
  <property name="startLine">69</property>
  <property name="stepIndex">23</property>
</record>
<record>
  <date>2019-10-16T11:52:14</date>
  <millis>1571248334488</millis>
  <sequence>224</sequence>
  <level>PASSED</level>
  <class>com.kms.katalon.core.logging.XmlKeywordLogger</class>
  <method>logMessage</method>
  <thread>1</thread>
  <message>Text &amp;apos;200&amp;apos; is set on object &amp;apos;Object Repository/Matts objects/vivint products/Page_ Fuse (Vivint qa)/discount applied&amp;apos;</message>
  <nestedLevel>1</nestedLevel>
</record>
<record>
  <date>2019-10-16T11:52:14</date>
  <millis>1571248334516</millis>
  <sequence>225</sequence>
  <level>END</level>
  <class>com.kms.katalon.core.logging.XmlKeywordLogger</class>
  <method>endKeyword</method>
  <thread>1</thread>
  <message>End action : setText(findTestObject(\&amp;quot;Matts objects/vivint products/Page_ Fuse (Vivint qa)/discount applied\&amp;quot;), \&amp;quot;200\&amp;quot;)</message>
  <nestedLevel>1</nestedLevel>
</record>
<record>
  <date>2019-10-16T11:52:14</date>
  <millis>1571248334517</millis>
  <sequence>226</sequence>
  <level>START</level>
  <class>com.kms.katalon.core.logging.XmlKeywordLogger</class>
  <method>startKeyword</method>
  <thread>1</thread>
  <message>Start action : setText(findTestObject(\&amp;quot;Matts objects/vivint products/Page_ Fuse (Vivint qa)/amount collected\&amp;quot;), \&amp;quot;45.99\&amp;quot;)</message>
  <nestedLevel>1</nestedLevel>
  <property name="startLine">71</property>
  <property name="stepIndex">24</property>
</record>
<record>
  <date>2019-10-16T11:52:14</date>
  <millis>1571248334943</millis>
  <sequence>235</sequence>
  <level>PASSED</level>
  <class>com.kms.katalon.core.logging.XmlKeywordLogger</class>
  <method>logMessage</method>
  <thread>1</thread>
  <message>Text &amp;apos;45.99&amp;apos; is set on object &amp;apos;Object Repository/Matts objects/vivint products/Page_ Fuse (Vivint qa)/amount collected&amp;apos;</message>
  <nestedLevel>1</nestedLevel>
</record>
<record>
  <date>2019-10-16T11:52:14</date>
  <millis>1571248334944</millis>
  <sequence>236</sequence>
  <level>END</level>
  <class>com.kms.katalon.core.logging.XmlKeywordLogger</class>
  <method>endKeyword</method>
  <thread>1</thread>
  <message>End action : setText(findTestObject(\&amp;quot;Matts objects/vivint products/Page_ Fuse (Vivint qa)/amount collected\&amp;quot;), \&amp;quot;45.99\&amp;quot;)</message>
  <nestedLevel>1</nestedLevel>
</record>
<record>
  <date>2019-10-16T11:52:14</date>
  <millis>1571248334944</millis>
  <sequence>237</sequence>
  <level>START</level>
  <class>com.kms.katalon.core.logging.XmlKeywordLogger</class>
  <method>startKeyword</method>
  <thread>1</thread>
  <message>Start action : selectOptionByIndex(findTestObject(\&amp;quot;Matts objects/vivint products/Page_ Fuse (Vivint qa)/select term\&amp;quot;), 2)</message>
  <nestedLevel>1</nestedLevel>
  <property name="startLine">73</property>
  <property name="stepIndex">25</property>
</record>
<record>
  <date>2019-10-16T11:52:15</date>
  <millis>1571248335286</millis>
  <sequence>249</sequence>
  <level>PASSED</level>
  <class>com.kms.katalon.core.logging.XmlKeywordLogger</class>
  <method>logMessage</method>
  <thread>1</thread>
  <message>All options with index in [2] are selected on object &amp;apos;Object Repository/Matts objects/vivint products/Page_ Fuse (Vivint qa)/select term&amp;apos;</message>
  <nestedLevel>1</nestedLevel>
</record>
<record>
  <date>2019-10-16T11:52:15</date>
  <millis>1571248335287</millis>
  <sequence>250</sequence>
  <level>END</level>
  <class>com.kms.katalon.core.logging.XmlKeywordLogger</class>
  <method>endKeyword</method>
  <thread>1</thread>
  <message>End action : selectOptionByIndex(findTestObject(\&amp;quot;Matts objects/vivint products/Page_ Fuse (Vivint qa)/select term\&amp;quot;), 2)</message>
  <nestedLevel>1</nestedLevel>
</record>
<record>
  <date>2019-10-16T11:52:15</date>
  <millis>1571248335287</millis>
  <sequence>251</sequence>
  <level>START</level>
  <class>com.kms.katalon.core.logging.XmlKeywordLogger</class>
  <method>startKeyword</method>
  <thread>1</thread>
  <message>Start action : selectOptionByIndex(findTestObject(\&amp;quot;Matts objects/vivint products/Page_ Fuse (Vivint qa)/installation fee\&amp;quot;), 2)</message>
  <nestedLevel>1</nestedLevel>
  <property name="startLine">75</property>
  <property name="stepIndex">26</property>
</record>
<record>
  <date>2019-10-16T11:52:15</date>
  <millis>1571248335639</millis>
  <sequence>263</sequence>
  <level>PASSED</level>
  <class>com.kms.katalon.core.logging.XmlKeywordLogger</class>
  <method>logMessage</method>
  <thread>1</thread>
  <message>All options with index in [2] are selected on object &amp;apos;Object Repository/Matts objects/vivint products/Page_ Fuse (Vivint qa)/installation fee&amp;apos;</message>
  <nestedLevel>1</nestedLevel>
</record>
<record>
  <date>2019-10-16T11:52:15</date>
  <millis>1571248335640</millis>
  <sequence>264</sequence>
  <level>END</level>
  <class>com.kms.katalon.core.logging.XmlKeywordLogger</class>
  <method>endKeyword</method>
  <thread>1</thread>
  <message>End action : selectOptionByIndex(findTestObject(\&amp;quot;Matts objects/vivint products/Page_ Fuse (Vivint qa)/installation fee\&amp;quot;), 2)</message>
  <nestedLevel>1</nestedLevel>
</record>
<record>
  <date>2019-10-16T11:52:15</date>
  <millis>1571248335640</millis>
  <sequence>265</sequence>
  <level>START</level>
  <class>com.kms.katalon.core.logging.XmlKeywordLogger</class>
  <method>startKeyword</method>
  <thread>1</thread>
  <message>Start action : click(findTestObject(\&amp;quot;Matts objects/vivint products/Page_ Fuse (Vivint qa)/input_Available Products_form-control\&amp;quot;))</message>
  <nestedLevel>1</nestedLevel>
  <property name="startLine">77</property>
  <property name="stepIndex">27</property>
</record>
<record>
  <date>2019-10-16T11:52:15</date>
  <millis>1571248335876</millis>
  <sequence>272</sequence>
  <level>PASSED</level>
  <class>com.kms.katalon.core.logging.XmlKeywordLogger</class>
  <method>logMessage</method>
  <thread>1</thread>
  <message>Object: &amp;apos;Object Repository/Matts objects/vivint products/Page_ Fuse (Vivint qa)/input_Available Products_form-control&amp;apos; is clicked on</message>
  <nestedLevel>1</nestedLevel>
</record>
<record>
  <date>2019-10-16T11:52:15</date>
  <millis>1571248335877</millis>
  <sequence>273</sequence>
  <level>END</level>
  <class>com.kms.katalon.core.logging.XmlKeywordLogger</class>
  <method>endKeyword</method>
  <thread>1</thread>
  <message>End action : click(findTestObject(\&amp;quot;Matts objects/vivint products/Page_ Fuse (Vivint qa)/input_Available Products_form-control\&amp;quot;))</message>
  <nestedLevel>1</nestedLevel>
</record>
<record>
  <date>2019-10-16T11:52:15</date>
  <millis>1571248335878</millis>
  <sequence>274</sequence>
  <level>START</level>
  <class>com.kms.katalon.core.logging.XmlKeywordLogger</class>
  <method>startKeyword</method>
  <thread>1</thread>
  <message>Start action : click(findTestObject(\&amp;quot;Matts objects/vivint products/Page_ Fuse (Vivint qa)/a_SmartHomeVideo 4 Camera\&amp;quot;))</message>
  <nestedLevel>1</nestedLevel>
  <property name="startLine">79</property>
  <property name="stepIndex">28</property>
</record>
<record>
  <date>2019-10-16T11:52:16</date>
  <millis>1571248336241</millis>
  <sequence>281</sequence>
  <level>PASSED</level>
  <class>com.kms.katalon.core.logging.XmlKeywordLogger</class>
  <method>logMessage</method>
  <thread>1</thread>
  <message>Object: &amp;apos;Object Repository/Matts objects/vivint products/Page_ Fuse (Vivint qa)/a_SmartHomeVideo 4 Camera&amp;apos; is clicked on</message>
  <nestedLevel>1</nestedLevel>
</record>
<record>
  <date>2019-10-16T11:52:16</date>
  <millis>1571248336242</millis>
  <sequence>282</sequence>
  <level>END</level>
  <class>com.kms.katalon.core.logging.XmlKeywordLogger</class>
  <method>endKeyword</method>
  <thread>1</thread>
  <message>End action : click(findTestObject(\&amp;quot;Matts objects/vivint products/Page_ Fuse (Vivint qa)/a_SmartHomeVideo 4 Camera\&amp;quot;))</message>
  <nestedLevel>1</nestedLevel>
</record>
<record>
  <date>2019-10-16T11:52:16</date>
  <millis>1571248336242</millis>
  <sequence>283</sequence>
  <level>START</level>
  <class>com.kms.katalon.core.logging.XmlKeywordLogger</class>
  <method>startKeyword</method>
  <thread>1</thread>
  <message>Start action : delay(2)</message>
  <nestedLevel>1</nestedLevel>
  <property name="startLine">81</property>
  <property name="stepIndex">29</property>
</record>
<record>
  <date>2019-10-16T11:52:18</date>
  <millis>1571248338256</millis>
  <sequence>285</sequence>
  <level>PASSED</level>
  <class>com.kms.katalon.core.logging.XmlKeywordLogger</class>
  <method>logMessage</method>
  <thread>1</thread>
  <message>Delayed 2 second(s)</message>
  <nestedLevel>1</nestedLevel>
</record>
<record>
  <date>2019-10-16T11:52:18</date>
  <millis>1571248338257</millis>
  <sequence>286</sequence>
  <level>END</level>
  <class>com.kms.katalon.core.logging.XmlKeywordLogger</class>
  <method>endKeyword</method>
  <thread>1</thread>
  <message>End action : delay(2)</message>
  <nestedLevel>1</nestedLevel>
</record>
<record>
  <date>2019-10-16T11:52:18</date>
  <millis>1571248338257</millis>
  <sequence>287</sequence>
  <level>START</level>
  <class>com.kms.katalon.core.logging.XmlKeywordLogger</class>
  <method>startKeyword</method>
  <thread>1</thread>
  <message>Start action : click(findTestObject(\&amp;quot;Matts objects/vivint products/Page_ Fuse (Vivint qa)/button_Next\&amp;quot;))</message>
  <nestedLevel>1</nestedLevel>
  <property name="startLine">83</property>
  <property name="stepIndex">30</property>
</record>
<record>
  <date>2019-10-16T11:52:18</date>
  <millis>1571248338421</millis>
  <sequence>294</sequence>
  <level>PASSED</level>
  <class>com.kms.katalon.core.logging.XmlKeywordLogger</class>
  <method>logMessage</method>
  <thread>1</thread>
  <message>Object: &amp;apos;Object Repository/Matts objects/vivint products/Page_ Fuse (Vivint qa)/button_Next&amp;apos; is clicked on</message>
  <nestedLevel>1</nestedLevel>
</record>
<record>
  <date>2019-10-16T11:52:18</date>
  <millis>1571248338422</millis>
  <sequence>295</sequence>
  <level>END</level>
  <class>com.kms.katalon.core.logging.XmlKeywordLogger</class>
  <method>endKeyword</method>
  <thread>1</thread>
  <message>End action : click(findTestObject(\&amp;quot;Matts objects/vivint products/Page_ Fuse (Vivint qa)/button_Next\&amp;quot;))</message>
  <nestedLevel>1</nestedLevel>
</record>
<record>
  <date>2019-10-16T11:52:18</date>
  <millis>1571248338422</millis>
  <sequence>296</sequence>
  <level>START</level>
  <class>com.kms.katalon.core.logging.XmlKeywordLogger</class>
  <method>startKeyword</method>
  <thread>1</thread>
  <message>Start action : delay(1)</message>
  <nestedLevel>1</nestedLevel>
  <property name="startLine">85</property>
  <property name="stepIndex">31</property>
</record>
<record>
  <date>2019-10-16T11:52:19</date>
  <millis>1571248339441</millis>
  <sequence>298</sequence>
  <level>PASSED</level>
  <class>com.kms.katalon.core.logging.XmlKeywordLogger</class>
  <method>logMessage</method>
  <thread>1</thread>
  <message>Delayed 1 second(s)</message>
  <nestedLevel>1</nestedLevel>
</record>
<record>
  <date>2019-10-16T11:52:19</date>
  <millis>1571248339442</millis>
  <sequence>299</sequence>
  <level>END</level>
  <class>com.kms.katalon.core.logging.XmlKeywordLogger</class>
  <method>endKeyword</method>
  <thread>1</thread>
  <message>End action : delay(1)</message>
  <nestedLevel>1</nestedLevel>
</record>
<record>
  <date>2019-10-16T11:52:19</date>
  <millis>1571248339442</millis>
  <sequence>300</sequence>
  <level>START</level>
  <class>com.kms.katalon.core.logging.XmlKeywordLogger</class>
  <method>startKeyword</method>
  <thread>1</thread>
  <message>Start action : waitForElementVisible(findTestObject(\&amp;quot;Matts objects/vivint recap/Page_ Fuse (Vivint qa)/h1_Recaps\&amp;quot;), 0)</message>
  <nestedLevel>1</nestedLevel>
  <property name="startLine">87</property>
  <property name="stepIndex">32</property>
</record>
<record>
  <date>2019-10-16T11:52:19</date>
  <millis>1571248339464</millis>
  <sequence>304</sequence>
  <level>WARNING</level>
  <class>com.kms.katalon.core.logging.XmlKeywordLogger</class>
  <method>logMessage</method>
  <thread>1</thread>
  <message>Timeout &amp;apos;0&amp;apos; is invalid. Using default page load timeout: &amp;apos;30&amp;apos;</message>
  <nestedLevel>1</nestedLevel>
</record>
<record>
  <date>2019-10-16T11:52:19</date>
  <millis>1571248339624</millis>
  <sequence>308</sequence>
  <level>PASSED</level>
  <class>com.kms.katalon.core.logging.XmlKeywordLogger</class>
  <method>logMessage</method>
  <thread>1</thread>
  <message>Object &amp;apos;Object Repository/Matts objects/vivint recap/Page_ Fuse (Vivint qa)/h1_Recaps&amp;apos; is visible</message>
  <nestedLevel>1</nestedLevel>
</record>
<record>
  <date>2019-10-16T11:52:19</date>
  <millis>1571248339625</millis>
  <sequence>309</sequence>
  <level>END</level>
  <class>com.kms.katalon.core.logging.XmlKeywordLogger</class>
  <method>endKeyword</method>
  <thread>1</thread>
  <message>End action : waitForElementVisible(findTestObject(\&amp;quot;Matts objects/vivint recap/Page_ Fuse (Vivint qa)/h1_Recaps\&amp;quot;), 0)</message>
  <nestedLevel>1</nestedLevel>
</record>
<record>
  <date>2019-10-16T11:52:19</date>
  <millis>1571248339626</millis>
  <sequence>310</sequence>
  <level>START</level>
  <class>com.kms.katalon.core.logging.XmlKeywordLogger</class>
  <method>startKeyword</method>
  <thread>1</thread>
  <message>Start action : click(findTestObject(\&amp;quot;Matts objects/vivint recap/Page_ Fuse (Vivint qa)/span_SMS Permission Statement Is it OK i\&amp;quot;))</message>
  <nestedLevel>1</nestedLevel>
  <property name="startLine">89</property>
  <property name="stepIndex">33</property>
</record>
<record>
  <date>2019-10-16T11:52:19</date>
  <millis>1571248339914</millis>
  <sequence>317</sequence>
  <level>PASSED</level>
  <class>com.kms.katalon.core.logging.XmlKeywordLogger</class>
  <method>logMessage</method>
  <thread>1</thread>
  <message>Object: &amp;apos;Object Repository/Matts objects/vivint recap/Page_ Fuse (Vivint qa)/span_SMS Permission Statement Is it OK i&amp;apos; is clicked on</message>
  <nestedLevel>1</nestedLevel>
</record>
<record>
  <date>2019-10-16T11:52:19</date>
  <millis>1571248339915</millis>
  <sequence>318</sequence>
  <level>END</level>
  <class>com.kms.katalon.core.logging.XmlKeywordLogger</class>
  <method>endKeyword</method>
  <thread>1</thread>
  <message>End action : click(findTestObject(\&amp;quot;Matts objects/vivint recap/Page_ Fuse (Vivint qa)/span_SMS Permission Statement Is it OK i\&amp;quot;))</message>
  <nestedLevel>1</nestedLevel>
</record>
<record>
  <date>2019-10-16T11:52:19</date>
  <millis>1571248339915</millis>
  <sequence>319</sequence>
  <level>START</level>
  <class>com.kms.katalon.core.logging.XmlKeywordLogger</class>
  <method>startKeyword</method>
  <thread>1</thread>
  <message>Start action : click(findTestObject(\&amp;quot;Matts objects/vivint recap/Page_ Fuse (Vivint qa)/span_Installation SMS Permission Statement Y\&amp;quot;))</message>
  <nestedLevel>1</nestedLevel>
  <property name="startLine">91</property>
  <property name="stepIndex">34</property>
</record>
<record>
  <date>2019-10-16T11:52:20</date>
  <millis>1571248340100</millis>
  <sequence>326</sequence>
  <level>PASSED</level>
  <class>com.kms.katalon.core.logging.XmlKeywordLogger</class>
  <method>logMessage</method>
  <thread>1</thread>
  <message>Object: &amp;apos;Object Repository/Matts objects/vivint recap/Page_ Fuse (Vivint qa)/span_Installation SMS Permission Statement Y&amp;apos; is clicked on</message>
  <nestedLevel>1</nestedLevel>
</record>
<record>
  <date>2019-10-16T11:52:20</date>
  <millis>1571248340101</millis>
  <sequence>327</sequence>
  <level>END</level>
  <class>com.kms.katalon.core.logging.XmlKeywordLogger</class>
  <method>endKeyword</method>
  <thread>1</thread>
  <message>End action : click(findTestObject(\&amp;quot;Matts objects/vivint recap/Page_ Fuse (Vivint qa)/span_Installation SMS Permission Statement Y\&amp;quot;))</message>
  <nestedLevel>1</nestedLevel>
</record>
<record>
  <date>2019-10-16T11:52:20</date>
  <millis>1571248340101</millis>
  <sequence>328</sequence>
  <level>START</level>
  <class>com.kms.katalon.core.logging.XmlKeywordLogger</class>
  <method>startKeyword</method>
  <thread>1</thread>
  <message>Start action : click(findTestObject(\&amp;quot;Matts objects/vivint recap/Page_ Fuse (Vivint qa)/span_RECAPS Mr  Mrs______ I want to qui\&amp;quot;))</message>
  <nestedLevel>1</nestedLevel>
  <property name="startLine">93</property>
  <property name="stepIndex">35</property>
</record>
<record>
  <date>2019-10-16T11:52:20</date>
  <millis>1571248340253</millis>
  <sequence>335</sequence>
  <level>PASSED</level>
  <class>com.kms.katalon.core.logging.XmlKeywordLogger</class>
  <method>logMessage</method>
  <thread>1</thread>
  <message>Object: &amp;apos;Object Repository/Matts objects/vivint recap/Page_ Fuse (Vivint qa)/span_RECAPS Mr  Mrs______ I want to qui&amp;apos; is clicked on</message>
  <nestedLevel>1</nestedLevel>
</record>
<record>
  <date>2019-10-16T11:52:20</date>
  <millis>1571248340254</millis>
  <sequence>336</sequence>
  <level>END</level>
  <class>com.kms.katalon.core.logging.XmlKeywordLogger</class>
  <method>endKeyword</method>
  <thread>1</thread>
  <message>End action : click(findTestObject(\&amp;quot;Matts objects/vivint recap/Page_ Fuse (Vivint qa)/span_RECAPS Mr  Mrs______ I want to qui\&amp;quot;))</message>
  <nestedLevel>1</nestedLevel>
</record>
<record>
  <date>2019-10-16T11:52:20</date>
  <millis>1571248340254</millis>
  <sequence>337</sequence>
  <level>START</level>
  <class>com.kms.katalon.core.logging.XmlKeywordLogger</class>
  <method>startKeyword</method>
  <thread>1</thread>
  <message>Start action : click(findTestObject(\&amp;quot;Matts objects/vivint recap/Page_ Fuse (Vivint qa)/span_Today we are setting you up with our __\&amp;quot;))</message>
  <nestedLevel>1</nestedLevel>
  <property name="startLine">95</property>
  <property name="stepIndex">36</property>
</record>
<record>
  <date>2019-10-16T11:52:20</date>
  <millis>1571248340408</millis>
  <sequence>344</sequence>
  <level>PASSED</level>
  <class>com.kms.katalon.core.logging.XmlKeywordLogger</class>
  <method>logMessage</method>
  <thread>1</thread>
  <message>Object: &amp;apos;Object Repository/Matts objects/vivint recap/Page_ Fuse (Vivint qa)/span_Today we are setting you up with our __&amp;apos; is clicked on</message>
  <nestedLevel>1</nestedLevel>
</record>
<record>
  <date>2019-10-16T11:52:20</date>
  <millis>1571248340409</millis>
  <sequence>345</sequence>
  <level>END</level>
  <class>com.kms.katalon.core.logging.XmlKeywordLogger</class>
  <method>endKeyword</method>
  <thread>1</thread>
  <message>End action : click(findTestObject(\&amp;quot;Matts objects/vivint recap/Page_ Fuse (Vivint qa)/span_Today we are setting you up with our __\&amp;quot;))</message>
  <nestedLevel>1</nestedLevel>
</record>
<record>
  <date>2019-10-16T11:52:20</date>
  <millis>1571248340409</millis>
  <sequence>346</sequence>
  <level>START</level>
  <class>com.kms.katalon.core.logging.XmlKeywordLogger</class>
  <method>startKeyword</method>
  <thread>1</thread>
  <message>Start action : click(findTestObject(\&amp;quot;Matts objects/vivint recap/Page_ Fuse (Vivint qa)/span_The equipment you have chosen will b\&amp;quot;))</message>
  <nestedLevel>1</nestedLevel>
  <property name="startLine">97</property>
  <property name="stepIndex">37</property>
</record>
<record>
  <date>2019-10-16T11:52:20</date>
  <millis>1571248340638</millis>
  <sequence>353</sequence>
  <level>PASSED</level>
  <class>com.kms.katalon.core.logging.XmlKeywordLogger</class>
  <method>logMessage</method>
  <thread>1</thread>
  <message>Object: &amp;apos;Object Repository/Matts objects/vivint recap/Page_ Fuse (Vivint qa)/span_The equipment you have chosen will b&amp;apos; is clicked on</message>
  <nestedLevel>1</nestedLevel>
</record>
<record>
  <date>2019-10-16T11:52:20</date>
  <millis>1571248340639</millis>
  <sequence>354</sequence>
  <level>END</level>
  <class>com.kms.katalon.core.logging.XmlKeywordLogger</class>
  <method>endKeyword</method>
  <thread>1</thread>
  <message>End action : click(findTestObject(\&amp;quot;Matts objects/vivint recap/Page_ Fuse (Vivint qa)/span_The equipment you have chosen will b\&amp;quot;))</message>
  <nestedLevel>1</nestedLevel>
</record>
<record>
  <date>2019-10-16T11:52:20</date>
  <millis>1571248340639</millis>
  <sequence>355</sequence>
  <level>START</level>
  <class>com.kms.katalon.core.logging.XmlKeywordLogger</class>
  <method>startKeyword</method>
  <thread>1</thread>
  <message>Start action : click(findTestObject(\&amp;quot;Matts objects/vivint recap/Page_ Fuse (Vivint qa)/span_Your total monthly payment will consist\&amp;quot;))</message>
  <nestedLevel>1</nestedLevel>
  <property name="startLine">99</property>
  <property name="stepIndex">38</property>
</record>
<record>
  <date>2019-10-16T11:52:20</date>
  <millis>1571248340870</millis>
  <sequence>362</sequence>
  <level>PASSED</level>
  <class>com.kms.katalon.core.logging.XmlKeywordLogger</class>
  <method>logMessage</method>
  <thread>1</thread>
  <message>Object: &amp;apos;Object Repository/Matts objects/vivint recap/Page_ Fuse (Vivint qa)/span_Your total monthly payment will consist&amp;apos; is clicked on</message>
  <nestedLevel>1</nestedLevel>
</record>
<record>
  <date>2019-10-16T11:52:20</date>
  <millis>1571248340871</millis>
  <sequence>363</sequence>
  <level>END</level>
  <class>com.kms.katalon.core.logging.XmlKeywordLogger</class>
  <method>endKeyword</method>
  <thread>1</thread>
  <message>End action : click(findTestObject(\&amp;quot;Matts objects/vivint recap/Page_ Fuse (Vivint qa)/span_Your total monthly payment will consist\&amp;quot;))</message>
  <nestedLevel>1</nestedLevel>
</record>
<record>
  <date>2019-10-16T11:52:20</date>
  <millis>1571248340871</millis>
  <sequence>364</sequence>
  <level>START</level>
  <class>com.kms.katalon.core.logging.XmlKeywordLogger</class>
  <method>startKeyword</method>
  <thread>1</thread>
  <message>Start action : click(findTestObject(\&amp;quot;Matts objects/vivint recap/Page_ Fuse (Vivint qa)/span_A total of ______ will be deducted from y\&amp;quot;))</message>
  <nestedLevel>1</nestedLevel>
  <property name="startLine">101</property>
  <property name="stepIndex">39</property>
</record>
<record>
  <date>2019-10-16T11:52:21</date>
  <millis>1571248341084</millis>
  <sequence>371</sequence>
  <level>PASSED</level>
  <class>com.kms.katalon.core.logging.XmlKeywordLogger</class>
  <method>logMessage</method>
  <thread>1</thread>
  <message>Object: &amp;apos;Object Repository/Matts objects/vivint recap/Page_ Fuse (Vivint qa)/span_A total of ______ will be deducted from y&amp;apos; is clicked on</message>
  <nestedLevel>1</nestedLevel>
</record>
<record>
  <date>2019-10-16T11:52:21</date>
  <millis>1571248341085</millis>
  <sequence>372</sequence>
  <level>END</level>
  <class>com.kms.katalon.core.logging.XmlKeywordLogger</class>
  <method>endKeyword</method>
  <thread>1</thread>
  <message>End action : click(findTestObject(\&amp;quot;Matts objects/vivint recap/Page_ Fuse (Vivint qa)/span_A total of ______ will be deducted from y\&amp;quot;))</message>
  <nestedLevel>1</nestedLevel>
</record>
<record>
  <date>2019-10-16T11:52:21</date>
  <millis>1571248341085</millis>
  <sequence>373</sequence>
  <level>START</level>
  <class>com.kms.katalon.core.logging.XmlKeywordLogger</class>
  <method>startKeyword</method>
  <thread>1</thread>
  <message>Start action : scrollToPosition(9999999, 9999999)</message>
  <nestedLevel>1</nestedLevel>
  <property name="startLine">103</property>
  <property name="stepIndex">40</property>
</record>
<record>
  <date>2019-10-16T11:52:21</date>
  <millis>1571248341158</millis>
  <sequence>377</sequence>
  <level>PASSED</level>
  <class>com.kms.katalon.core.logging.XmlKeywordLogger</class>
  <method>logMessage</method>
  <thread>1</thread>
  <message>Browser is scrolled to position x = 9999999, y = 9999999</message>
  <nestedLevel>1</nestedLevel>
</record>
<record>
  <date>2019-10-16T11:52:21</date>
  <millis>1571248341160</millis>
  <sequence>378</sequence>
  <level>END</level>
  <class>com.kms.katalon.core.logging.XmlKeywordLogger</class>
  <method>endKeyword</method>
  <thread>1</thread>
  <message>End action : scrollToPosition(9999999, 9999999)</message>
  <nestedLevel>1</nestedLevel>
</record>
<record>
  <date>2019-10-16T11:52:21</date>
  <millis>1571248341160</millis>
  <sequence>379</sequence>
  <level>START</level>
  <class>com.kms.katalon.core.logging.XmlKeywordLogger</class>
  <method>startKeyword</method>
  <thread>1</thread>
  <message>Start action : click(findTestObject(\&amp;quot;Matts objects/vivint recap/Page_ Fuse (Vivint qa)/span_The account holder must be present a\&amp;quot;))</message>
  <nestedLevel>1</nestedLevel>
  <property name="startLine">105</property>
  <property name="stepIndex">41</property>
</record>
<record>
  <date>2019-10-16T11:52:21</date>
  <millis>1571248341304</millis>
  <sequence>386</sequence>
  <level>PASSED</level>
  <class>com.kms.katalon.core.logging.XmlKeywordLogger</class>
  <method>logMessage</method>
  <thread>1</thread>
  <message>Object: &amp;apos;Object Repository/Matts objects/vivint recap/Page_ Fuse (Vivint qa)/span_The account holder must be present a&amp;apos; is clicked on</message>
  <nestedLevel>1</nestedLevel>
</record>
<record>
  <date>2019-10-16T11:52:21</date>
  <millis>1571248341305</millis>
  <sequence>387</sequence>
  <level>END</level>
  <class>com.kms.katalon.core.logging.XmlKeywordLogger</class>
  <method>endKeyword</method>
  <thread>1</thread>
  <message>End action : click(findTestObject(\&amp;quot;Matts objects/vivint recap/Page_ Fuse (Vivint qa)/span_The account holder must be present a\&amp;quot;))</message>
  <nestedLevel>1</nestedLevel>
</record>
<record>
  <date>2019-10-16T11:52:21</date>
  <millis>1571248341305</millis>
  <sequence>388</sequence>
  <level>START</level>
  <class>com.kms.katalon.core.logging.XmlKeywordLogger</class>
  <method>startKeyword</method>
  <thread>1</thread>
  <message>Start action : click(findTestObject(\&amp;quot;Matts objects/vivint recap/Page_ Fuse (Vivint qa)/span_Iowa and Ohio residents Required to\&amp;quot;))</message>
  <nestedLevel>1</nestedLevel>
  <property name="startLine">107</property>
  <property name="stepIndex">42</property>
</record>
<record>
  <date>2019-10-16T11:52:21</date>
  <millis>1571248341504</millis>
  <sequence>395</sequence>
  <level>PASSED</level>
  <class>com.kms.katalon.core.logging.XmlKeywordLogger</class>
  <method>logMessage</method>
  <thread>1</thread>
  <message>Object: &amp;apos;Object Repository/Matts objects/vivint recap/Page_ Fuse (Vivint qa)/span_Iowa and Ohio residents Required to&amp;apos; is clicked on</message>
  <nestedLevel>1</nestedLevel>
</record>
<record>
  <date>2019-10-16T11:52:21</date>
  <millis>1571248341505</millis>
  <sequence>396</sequence>
  <level>END</level>
  <class>com.kms.katalon.core.logging.XmlKeywordLogger</class>
  <method>endKeyword</method>
  <thread>1</thread>
  <message>End action : click(findTestObject(\&amp;quot;Matts objects/vivint recap/Page_ Fuse (Vivint qa)/span_Iowa and Ohio residents Required to\&amp;quot;))</message>
  <nestedLevel>1</nestedLevel>
</record>
<record>
  <date>2019-10-16T11:52:21</date>
  <millis>1571248341505</millis>
  <sequence>397</sequence>
  <level>START</level>
  <class>com.kms.katalon.core.logging.XmlKeywordLogger</class>
  <method>startKeyword</method>
  <thread>1</thread>
  <message>Start action : click(findTestObject(\&amp;quot;Matts objects/vivint recap/Page_ Fuse (Vivint qa)/span_Transfer customer to Pre-Install Survey\&amp;quot;))</message>
  <nestedLevel>1</nestedLevel>
  <property name="startLine">109</property>
  <property name="stepIndex">43</property>
</record>
<record>
  <date>2019-10-16T11:52:21</date>
  <millis>1571248341644</millis>
  <sequence>404</sequence>
  <level>PASSED</level>
  <class>com.kms.katalon.core.logging.XmlKeywordLogger</class>
  <method>logMessage</method>
  <thread>1</thread>
  <message>Object: &amp;apos;Object Repository/Matts objects/vivint recap/Page_ Fuse (Vivint qa)/span_Transfer customer to Pre-Install Survey&amp;apos; is clicked on</message>
  <nestedLevel>1</nestedLevel>
</record>
<record>
  <date>2019-10-16T11:52:21</date>
  <millis>1571248341645</millis>
  <sequence>405</sequence>
  <level>END</level>
  <class>com.kms.katalon.core.logging.XmlKeywordLogger</class>
  <method>endKeyword</method>
  <thread>1</thread>
  <message>End action : click(findTestObject(\&amp;quot;Matts objects/vivint recap/Page_ Fuse (Vivint qa)/span_Transfer customer to Pre-Install Survey\&amp;quot;))</message>
  <nestedLevel>1</nestedLevel>
</record>
<record>
  <date>2019-10-16T11:52:21</date>
  <millis>1571248341645</millis>
  <sequence>406</sequence>
  <level>START</level>
  <class>com.kms.katalon.core.logging.XmlKeywordLogger</class>
  <method>startKeyword</method>
  <thread>1</thread>
  <message>Start action : click(findTestObject(\&amp;quot;Matts objects/vivint recap/Page_ Fuse (Vivint qa)/button_Next\&amp;quot;))</message>
  <nestedLevel>1</nestedLevel>
  <property name="startLine">111</property>
  <property name="stepIndex">44</property>
</record>
<record>
  <date>2019-10-16T11:52:21</date>
  <millis>1571248341809</millis>
  <sequence>413</sequence>
  <level>PASSED</level>
  <class>com.kms.katalon.core.logging.XmlKeywordLogger</class>
  <method>logMessage</method>
  <thread>1</thread>
  <message>Object: &amp;apos;Object Repository/Matts objects/vivint recap/Page_ Fuse (Vivint qa)/button_Next&amp;apos; is clicked on</message>
  <nestedLevel>1</nestedLevel>
</record>
<record>
  <date>2019-10-16T11:52:21</date>
  <millis>1571248341809</millis>
  <sequence>414</sequence>
  <level>END</level>
  <class>com.kms.katalon.core.logging.XmlKeywordLogger</class>
  <method>endKeyword</method>
  <thread>1</thread>
  <message>End action : click(findTestObject(\&amp;quot;Matts objects/vivint recap/Page_ Fuse (Vivint qa)/button_Next\&amp;quot;))</message>
  <nestedLevel>1</nestedLevel>
</record>
<record>
  <date>2019-10-16T11:52:21</date>
  <millis>1571248341810</millis>
  <sequence>415</sequence>
  <level>START</level>
  <class>com.kms.katalon.core.logging.XmlKeywordLogger</class>
  <method>startKeyword</method>
  <thread>1</thread>
  <message>Start action : waitForElementVisible(findTestObject(\&amp;quot;Matts objects/vivint summary/Page_ Fuse (Vivint qa)/a_Status Log\&amp;quot;), 0)</message>
  <nestedLevel>1</nestedLevel>
  <property name="startLine">113</property>
  <property name="stepIndex">45</property>
</record>
<record>
  <date>2019-10-16T11:52:21</date>
  <millis>1571248341851</millis>
  <sequence>419</sequence>
  <level>WARNING</level>
  <class>com.kms.katalon.core.logging.XmlKeywordLogger</class>
  <method>logMessage</method>
  <thread>1</thread>
  <message>Timeout &amp;apos;0&amp;apos; is invalid. Using default page load timeout: &amp;apos;30&amp;apos;</message>
  <nestedLevel>1</nestedLevel>
</record>
<record>
  <date>2019-10-16T11:52:22</date>
  <millis>1571248342933</millis>
  <sequence>423</sequence>
  <level>PASSED</level>
  <class>com.kms.katalon.core.logging.XmlKeywordLogger</class>
  <method>logMessage</method>
  <thread>1</thread>
  <message>Object &amp;apos;Object Repository/Matts objects/vivint summary/Page_ Fuse (Vivint qa)/a_Status Log&amp;apos; is visible</message>
  <nestedLevel>1</nestedLevel>
</record>
<record>
  <date>2019-10-16T11:52:22</date>
  <millis>1571248342933</millis>
  <sequence>424</sequence>
  <level>END</level>
  <class>com.kms.katalon.core.logging.XmlKeywordLogger</class>
  <method>endKeyword</method>
  <thread>1</thread>
  <message>End action : waitForElementVisible(findTestObject(\&amp;quot;Matts objects/vivint summary/Page_ Fuse (Vivint qa)/a_Status Log\&amp;quot;), 0)</message>
  <nestedLevel>1</nestedLevel>
</record>
<record>
  <date>2019-10-16T11:52:22</date>
  <millis>1571248342933</millis>
  <sequence>425</sequence>
  <level>START</level>
  <class>com.kms.katalon.core.logging.XmlKeywordLogger</class>
  <method>startKeyword</method>
  <thread>1</thread>
  <message>Start action : delay(3)</message>
  <nestedLevel>1</nestedLevel>
  <property name="startLine">115</property>
  <property name="stepIndex">46</property>
</record>
<record>
  <date>2019-10-16T11:52:25</date>
  <millis>1571248345963</millis>
  <sequence>427</sequence>
  <level>PASSED</level>
  <class>com.kms.katalon.core.logging.XmlKeywordLogger</class>
  <method>logMessage</method>
  <thread>1</thread>
  <message>Delayed 3 second(s)</message>
  <nestedLevel>1</nestedLevel>
</record>
<record>
  <date>2019-10-16T11:52:25</date>
  <millis>1571248345963</millis>
  <sequence>428</sequence>
  <level>END</level>
  <class>com.kms.katalon.core.logging.XmlKeywordLogger</class>
  <method>endKeyword</method>
  <thread>1</thread>
  <message>End action : delay(3)</message>
  <nestedLevel>1</nestedLevel>
</record>
<record>
  <date>2019-10-16T11:52:25</date>
  <millis>1571248345964</millis>
  <sequence>429</sequence>
  <level>START</level>
  <class>com.kms.katalon.core.logging.XmlKeywordLogger</class>
  <method>startKeyword</method>
  <thread>1</thread>
  <message>Start action : click(findTestObject(\&amp;quot;Matts objects/vivint summary/Page_ Fuse (Vivint qa)/button_Schedule\&amp;quot;))</message>
  <nestedLevel>1</nestedLevel>
  <property name="startLine">117</property>
  <property name="stepIndex">47</property>
</record>
<record>
  <date>2019-10-16T11:52:26</date>
  <millis>1571248346156</millis>
  <sequence>436</sequence>
  <level>PASSED</level>
  <class>com.kms.katalon.core.logging.XmlKeywordLogger</class>
  <method>logMessage</method>
  <thread>1</thread>
  <message>Object: &amp;apos;Object Repository/Matts objects/vivint summary/Page_ Fuse (Vivint qa)/button_Schedule&amp;apos; is clicked on</message>
  <nestedLevel>1</nestedLevel>
</record>
<record>
  <date>2019-10-16T11:52:26</date>
  <millis>1571248346157</millis>
  <sequence>437</sequence>
  <level>END</level>
  <class>com.kms.katalon.core.logging.XmlKeywordLogger</class>
  <method>endKeyword</method>
  <thread>1</thread>
  <message>End action : click(findTestObject(\&amp;quot;Matts objects/vivint summary/Page_ Fuse (Vivint qa)/button_Schedule\&amp;quot;))</message>
  <nestedLevel>1</nestedLevel>
</record>
<record>
  <date>2019-10-16T11:52:26</date>
  <millis>1571248346157</millis>
  <sequence>438</sequence>
  <level>START</level>
  <class>com.kms.katalon.core.logging.XmlKeywordLogger</class>
  <method>startKeyword</method>
  <thread>1</thread>
  <message>Start action : verifyAlertNotPresent(10)</message>
  <nestedLevel>1</nestedLevel>
  <property name="startLine">119</property>
  <property name="stepIndex">48</property>
</record>
<record>
  <date>2019-10-16T11:52:36</date>
  <millis>1571248356730</millis>
  <sequence>440</sequence>
  <level>PASSED</level>
  <class>com.kms.katalon.core.logging.XmlKeywordLogger</class>
  <method>logMessage</method>
  <thread>1</thread>
  <message>No alert found after 10 second(s).</message>
  <nestedLevel>1</nestedLevel>
</record>
<record>
  <date>2019-10-16T11:52:36</date>
  <millis>1571248356731</millis>
  <sequence>441</sequence>
  <level>END</level>
  <class>com.kms.katalon.core.logging.XmlKeywordLogger</class>
  <method>endKeyword</method>
  <thread>1</thread>
  <message>End action : verifyAlertNotPresent(10)</message>
  <nestedLevel>1</nestedLevel>
</record>
<record>
  <date>2019-10-16T11:52:36</date>
  <millis>1571248356731</millis>
  <sequence>442</sequence>
  <level>START</level>
  <class>com.kms.katalon.core.logging.XmlKeywordLogger</class>
  <method>startKeyword</method>
  <thread>1</thread>
  <message>Start action : verifyTextPresent(\&amp;quot;scheduled\&amp;quot;, false)</message>
  <nestedLevel>1</nestedLevel>
  <property name="startLine">123</property>
  <property name="stepIndex">49</property>
</record>
<record>
  <date>2019-10-16T11:52:36</date>
  <millis>1571248356930</millis>
  <sequence>445</sequence>
  <level>PASSED</level>
  <class>com.kms.katalon.core.logging.XmlKeywordLogger</class>
  <method>logMessage</method>
  <thread>1</thread>
  <message>Text &amp;apos;scheduled&amp;apos; is present on page </message>
  <nestedLevel>1</nestedLevel>
</record>
<record>
  <date>2019-10-16T11:52:36</date>
  <millis>1571248356930</millis>
  <sequence>446</sequence>
  <level>END</level>
  <class>com.kms.katalon.core.logging.XmlKeywordLogger</class>
  <method>endKeyword</method>
  <thread>1</thread>
  <message>End action : verifyTextPresent(\&amp;quot;scheduled\&amp;quot;, false)</message>
  <nestedLevel>1</nestedLevel>
</record>
<record>
  <date>2019-10-16T11:52:36</date>
  <millis>1571248356930</millis>
  <sequence>447</sequence>
  <level>PASSED</level>
  <class>com.kms.katalon.core.logging.XmlKeywordLogger</class>
  <method>logMessage</method>
  <thread>1</thread>
  <message>Test Cases/Matts sandbox/Vivint</message>
  <nestedLevel>1</nestedLevel>
</record>
<record>
  <date>2019-10-16T11:52:39</date>
  <millis>1571248359032</millis>
  <sequence>448</sequence>
  <level>END</level>
  <class>com.kms.katalon.core.logging.XmlKeywordLogger</class>
  <method>endTest</method>
  <thread>1</thread>
  <message>End Test Case : Test Cases/Matts sandbox/Vivint</message>
  <nestedLevel>0</nestedLevel>
</record>
<record>
  <date>2019-10-16T11:52:39</date>
  <millis>1571248359778</millis>
  <sequence>449</sequence>
  <level>END</level>
  <class>com.kms.katalon.core.logging.XmlKeywordLogger</class>
  <method>endSuite</method>
  <thread>1</thread>
  <message>End Test Suite : Test Suites/Fuse all brands</message>
  <nestedLevel>0</nestedLevel>
</record>
</log>
