<?xml version="1.0" encoding="UTF-8" standalone="no"?>
<!DOCTYPE log SYSTEM "logger.dtd">
<log>
<record>
  <date>2019-08-29T13:49:10</date>
  <millis>1567108150577</millis>
  <sequence>0</sequence>
  <level>START</level>
  <class>com.kms.katalon.core.logging.XmlKeywordLogger</class>
  <method>startSuite</method>
  <thread>1</thread>
  <message>Start Test Suite : Test Suites/Fuse all brands</message>
  <nestedLevel>0</nestedLevel>
  <property name="name">Fuse all brands</property>
  <property name="description"></property>
  <property name="id">Test Suites/Fuse all brands</property>
</record>
<record>
  <date>2019-08-29T13:49:10</date>
  <millis>1567108150599</millis>
  <sequence>1</sequence>
  <level>RUN_DATA</level>
  <class>com.kms.katalon.core.logging.XmlKeywordLogger</class>
  <method>logMessage</method>
  <thread>1</thread>
  <message>hostName = Matt.Browning - CLSLC_6446.mshome.net</message>
  <nestedLevel>0</nestedLevel>
  <property name="hostName">Matt.Browning - CLSLC_6446.mshome.net</property>
</record>
<record>
  <date>2019-08-29T13:49:10</date>
  <millis>1567108150601</millis>
  <sequence>2</sequence>
  <level>RUN_DATA</level>
  <class>com.kms.katalon.core.logging.XmlKeywordLogger</class>
  <method>logMessage</method>
  <thread>1</thread>
  <message>os = Windows 10 64bit</message>
  <nestedLevel>0</nestedLevel>
  <property name="os">Windows 10 64bit</property>
</record>
<record>
  <date>2019-08-29T13:49:10</date>
  <millis>1567108150602</millis>
  <sequence>3</sequence>
  <level>RUN_DATA</level>
  <class>com.kms.katalon.core.logging.XmlKeywordLogger</class>
  <method>logMessage</method>
  <thread>1</thread>
  <message>hostAddress = 172.22.64.33</message>
  <nestedLevel>0</nestedLevel>
  <property name="hostAddress">172.22.64.33</property>
</record>
<record>
  <date>2019-08-29T13:49:10</date>
  <millis>1567108150604</millis>
  <sequence>4</sequence>
  <level>RUN_DATA</level>
  <class>com.kms.katalon.core.logging.XmlKeywordLogger</class>
  <method>logMessage</method>
  <thread>1</thread>
  <message>katalonVersion = 6.2.1.2</message>
  <nestedLevel>0</nestedLevel>
  <property name="katalonVersion">6.2.1.2</property>
</record>
<record>
  <date>2019-08-29T13:49:10</date>
  <millis>1567108150987</millis>
  <sequence>5</sequence>
  <level>START</level>
  <class>com.kms.katalon.core.logging.XmlKeywordLogger</class>
  <method>startTest</method>
  <thread>1</thread>
  <message>Start Test Case : Test Cases/Matts sandbox/attb test 1</message>
  <nestedLevel>1</nestedLevel>
  <property name="name">Test Cases/Matts sandbox/attb test 1</property>
  <property name="description"></property>
  <property name="id">Test Cases/Matts sandbox/attb test 1</property>
  <property name="source">C:\\Users\\Matt.Browning\\git\\CLTestsFUSEdev\\Test Cases\\Matts sandbox\\attb test 1.tc</property>
  <property name="tag"></property>
  <property name="isOptional">false</property>
</record>
<record>
  <date>2019-08-29T13:49:12</date>
  <millis>1567108152061</millis>
  <sequence>7</sequence>
  <level>START</level>
  <class>com.kms.katalon.core.logging.XmlKeywordLogger</class>
  <method>startKeyword</method>
  <thread>1</thread>
  <message>Start action : openBrowser(\&amp;quot;https://fuse.staging.clearlink.com\&amp;quot;)</message>
  <nestedLevel>1</nestedLevel>
  <property name="startLine">16</property>
  <property name="stepIndex">1</property>
</record>
<record>
  <date>2019-08-29T13:49:12</date>
  <millis>1567108152937</millis>
  <sequence>9</sequence>
  <level>INFO</level>
  <class>com.kms.katalon.core.logging.XmlKeywordLogger</class>
  <method>logMessage</method>
  <thread>1</thread>
  <message>Starting &amp;apos;Chrome&amp;apos; driver</message>
  <nestedLevel>1</nestedLevel>
</record>
<record>
  <date>2019-08-29T13:49:13</date>
  <millis>1567108153039</millis>
  <sequence>11</sequence>
  <level>INFO</level>
  <class>com.kms.katalon.core.logging.XmlKeywordLogger</class>
  <method>logMessage</method>
  <thread>1</thread>
  <message>Action delay is set to 0 seconds</message>
  <nestedLevel>1</nestedLevel>
</record>
<record>
  <date>2019-08-29T13:49:17</date>
  <millis>1567108157528</millis>
  <sequence>13</sequence>
  <level>RUN_DATA</level>
  <class>com.kms.katalon.core.logging.XmlKeywordLogger</class>
  <method>logMessage</method>
  <thread>1</thread>
  <message>sessionId = 5aefe548d207283688072e210dfc8556</message>
  <nestedLevel>1</nestedLevel>
  <property name="sessionId">5aefe548d207283688072e210dfc8556</property>
</record>
<record>
  <date>2019-08-29T13:49:17</date>
  <millis>1567108157568</millis>
  <sequence>14</sequence>
  <level>RUN_DATA</level>
  <class>com.kms.katalon.core.logging.XmlKeywordLogger</class>
  <method>logMessage</method>
  <thread>1</thread>
  <message>browser = Chrome 76.0.3809.132</message>
  <nestedLevel>1</nestedLevel>
  <property name="browser">Chrome 76.0.3809.132</property>
</record>
<record>
  <date>2019-08-29T13:49:17</date>
  <millis>1567108157569</millis>
  <sequence>15</sequence>
  <level>RUN_DATA</level>
  <class>com.kms.katalon.core.logging.XmlKeywordLogger</class>
  <method>logMessage</method>
  <thread>1</thread>
  <message>platform = Windows 10</message>
  <nestedLevel>1</nestedLevel>
  <property name="platform">Windows 10</property>
</record>
<record>
  <date>2019-08-29T13:49:17</date>
  <millis>1567108157570</millis>
  <sequence>16</sequence>
  <level>RUN_DATA</level>
  <class>com.kms.katalon.core.logging.XmlKeywordLogger</class>
  <method>logMessage</method>
  <thread>1</thread>
  <message>seleniumVersion = 3.141.59</message>
  <nestedLevel>1</nestedLevel>
  <property name="seleniumVersion">3.141.59</property>
</record>
<record>
  <date>2019-08-29T13:49:17</date>
  <millis>1567108157571</millis>
  <sequence>17</sequence>
  <level>RUN_DATA</level>
  <class>com.kms.katalon.core.logging.XmlKeywordLogger</class>
  <method>logMessage</method>
  <thread>1</thread>
  <message>proxyInformation = ProxyInformation{proxyOption=NO_PROXY, proxyServerType=HTTP, password=, proxyServerAddress=, proxyServerPort=0}</message>
  <nestedLevel>1</nestedLevel>
  <property name="proxyInformation">ProxyInformation{proxyOption=NO_PROXY, proxyServerType=HTTP, password=, proxyServerAddress=, proxyServerPort=0}</property>
</record>
<record>
  <date>2019-08-29T13:49:18</date>
  <millis>1567108158677</millis>
  <sequence>19</sequence>
  <level>PASSED</level>
  <class>com.kms.katalon.core.logging.XmlKeywordLogger</class>
  <method>logMessage</method>
  <thread>1</thread>
  <message>Browser is opened with url: &amp;apos;https://fuse.staging.clearlink.com&amp;apos;</message>
  <nestedLevel>1</nestedLevel>
</record>
<record>
  <date>2019-08-29T13:49:18</date>
  <millis>1567108158678</millis>
  <sequence>20</sequence>
  <level>END</level>
  <class>com.kms.katalon.core.logging.XmlKeywordLogger</class>
  <method>endKeyword</method>
  <thread>1</thread>
  <message>End action : openBrowser(\&amp;quot;https://fuse.staging.clearlink.com\&amp;quot;)</message>
  <nestedLevel>1</nestedLevel>
</record>
<record>
  <date>2019-08-29T13:49:18</date>
  <millis>1567108158678</millis>
  <sequence>21</sequence>
  <level>START</level>
  <class>com.kms.katalon.core.logging.XmlKeywordLogger</class>
  <method>startKeyword</method>
  <thread>1</thread>
  <message>Start action : setText(findTestObject(\&amp;quot;UAT login/Page_Clearlink Authentication/input_to Fuse (Dev)_usr\&amp;quot;), \&amp;quot;attb.qa@clearlink.com\&amp;quot;)</message>
  <nestedLevel>1</nestedLevel>
  <property name="startLine">18</property>
  <property name="stepIndex">2</property>
</record>
<record>
  <date>2019-08-29T13:49:19</date>
  <millis>1567108159024</millis>
  <sequence>30</sequence>
  <level>PASSED</level>
  <class>com.kms.katalon.core.logging.XmlKeywordLogger</class>
  <method>logMessage</method>
  <thread>1</thread>
  <message>Text &amp;apos;attb.qa@clearlink.com&amp;apos; is set on object &amp;apos;Object Repository/UAT login/Page_Clearlink Authentication/input_to Fuse (Dev)_usr&amp;apos;</message>
  <nestedLevel>1</nestedLevel>
</record>
<record>
  <date>2019-08-29T13:49:19</date>
  <millis>1567108159025</millis>
  <sequence>31</sequence>
  <level>END</level>
  <class>com.kms.katalon.core.logging.XmlKeywordLogger</class>
  <method>endKeyword</method>
  <thread>1</thread>
  <message>End action : setText(findTestObject(\&amp;quot;UAT login/Page_Clearlink Authentication/input_to Fuse (Dev)_usr\&amp;quot;), \&amp;quot;attb.qa@clearlink.com\&amp;quot;)</message>
  <nestedLevel>1</nestedLevel>
</record>
<record>
  <date>2019-08-29T13:49:19</date>
  <millis>1567108159026</millis>
  <sequence>32</sequence>
  <level>START</level>
  <class>com.kms.katalon.core.logging.XmlKeywordLogger</class>
  <method>startKeyword</method>
  <thread>1</thread>
  <message>Start action : setText(findTestObject(\&amp;quot;UAT login/Page_Clearlink Authentication/input_to Fuse (Dev)_pwd\&amp;quot;), \&amp;quot;Clink2019!\&amp;quot;)</message>
  <nestedLevel>1</nestedLevel>
  <property name="startLine">20</property>
  <property name="stepIndex">3</property>
</record>
<record>
  <date>2019-08-29T13:49:19</date>
  <millis>1567108159177</millis>
  <sequence>41</sequence>
  <level>PASSED</level>
  <class>com.kms.katalon.core.logging.XmlKeywordLogger</class>
  <method>logMessage</method>
  <thread>1</thread>
  <message>Text &amp;apos;Clink2019!&amp;apos; is set on object &amp;apos;Object Repository/UAT login/Page_Clearlink Authentication/input_to Fuse (Dev)_pwd&amp;apos;</message>
  <nestedLevel>1</nestedLevel>
</record>
<record>
  <date>2019-08-29T13:49:19</date>
  <millis>1567108159178</millis>
  <sequence>42</sequence>
  <level>END</level>
  <class>com.kms.katalon.core.logging.XmlKeywordLogger</class>
  <method>endKeyword</method>
  <thread>1</thread>
  <message>End action : setText(findTestObject(\&amp;quot;UAT login/Page_Clearlink Authentication/input_to Fuse (Dev)_pwd\&amp;quot;), \&amp;quot;Clink2019!\&amp;quot;)</message>
  <nestedLevel>1</nestedLevel>
</record>
<record>
  <date>2019-08-29T13:49:19</date>
  <millis>1567108159179</millis>
  <sequence>43</sequence>
  <level>START</level>
  <class>com.kms.katalon.core.logging.XmlKeywordLogger</class>
  <method>startKeyword</method>
  <thread>1</thread>
  <message>Start action : click(findTestObject(\&amp;quot;REST examples/uatlogin1/Page_Clearlink Authentication/button_Login\&amp;quot;))</message>
  <nestedLevel>1</nestedLevel>
  <property name="startLine">22</property>
  <property name="stepIndex">4</property>
</record>
<record>
  <date>2019-08-29T13:49:22</date>
  <millis>1567108162579</millis>
  <sequence>50</sequence>
  <level>PASSED</level>
  <class>com.kms.katalon.core.logging.XmlKeywordLogger</class>
  <method>logMessage</method>
  <thread>1</thread>
  <message>Object: &amp;apos;Object Repository/REST examples/uatlogin1/Page_Clearlink Authentication/button_Login&amp;apos; is clicked on</message>
  <nestedLevel>1</nestedLevel>
</record>
<record>
  <date>2019-08-29T13:49:22</date>
  <millis>1567108162580</millis>
  <sequence>51</sequence>
  <level>END</level>
  <class>com.kms.katalon.core.logging.XmlKeywordLogger</class>
  <method>endKeyword</method>
  <thread>1</thread>
  <message>End action : click(findTestObject(\&amp;quot;REST examples/uatlogin1/Page_Clearlink Authentication/button_Login\&amp;quot;))</message>
  <nestedLevel>1</nestedLevel>
</record>
<record>
  <date>2019-08-29T13:49:22</date>
  <millis>1567108162581</millis>
  <sequence>52</sequence>
  <level>START</level>
  <class>com.kms.katalon.core.logging.XmlKeywordLogger</class>
  <method>startKeyword</method>
  <thread>1</thread>
  <message>Start action : waitForPageLoad(30)</message>
  <nestedLevel>1</nestedLevel>
  <property name="startLine">24</property>
  <property name="stepIndex">5</property>
</record>
<record>
  <date>2019-08-29T13:49:22</date>
  <millis>1567108162843</millis>
  <sequence>54</sequence>
  <level>PASSED</level>
  <class>com.kms.katalon.core.logging.XmlKeywordLogger</class>
  <method>logMessage</method>
  <thread>1</thread>
  <message>Wait for page load successfully</message>
  <nestedLevel>1</nestedLevel>
</record>
<record>
  <date>2019-08-29T13:49:22</date>
  <millis>1567108162844</millis>
  <sequence>55</sequence>
  <level>END</level>
  <class>com.kms.katalon.core.logging.XmlKeywordLogger</class>
  <method>endKeyword</method>
  <thread>1</thread>
  <message>End action : waitForPageLoad(30)</message>
  <nestedLevel>1</nestedLevel>
</record>
<record>
  <date>2019-08-29T13:49:22</date>
  <millis>1567108162844</millis>
  <sequence>56</sequence>
  <level>START</level>
  <class>com.kms.katalon.core.logging.XmlKeywordLogger</class>
  <method>startKeyword</method>
  <thread>1</thread>
  <message>Start action : maximizeWindow()</message>
  <nestedLevel>1</nestedLevel>
  <property name="startLine">26</property>
  <property name="stepIndex">6</property>
</record>
<record>
  <date>2019-08-29T13:49:24</date>
  <millis>1567108164074</millis>
  <sequence>58</sequence>
  <level>PASSED</level>
  <class>com.kms.katalon.core.logging.XmlKeywordLogger</class>
  <method>logMessage</method>
  <thread>1</thread>
  <message>Current window maximized</message>
  <nestedLevel>1</nestedLevel>
</record>
<record>
  <date>2019-08-29T13:49:24</date>
  <millis>1567108164075</millis>
  <sequence>59</sequence>
  <level>END</level>
  <class>com.kms.katalon.core.logging.XmlKeywordLogger</class>
  <method>endKeyword</method>
  <thread>1</thread>
  <message>End action : maximizeWindow()</message>
  <nestedLevel>1</nestedLevel>
</record>
<record>
  <date>2019-08-29T13:49:24</date>
  <millis>1567108164076</millis>
  <sequence>60</sequence>
  <level>START</level>
  <class>com.kms.katalon.core.logging.XmlKeywordLogger</class>
  <method>startKeyword</method>
  <thread>1</thread>
  <message>Start action : click(findTestObject(\&amp;quot;Matts objects/attb/Page_ Fuse (ATTB qa)/a_ATTB\&amp;quot;))</message>
  <nestedLevel>1</nestedLevel>
  <property name="startLine">28</property>
  <property name="stepIndex">7</property>
</record>
<record>
  <date>2019-08-29T13:49:24</date>
  <millis>1567108164273</millis>
  <sequence>67</sequence>
  <level>PASSED</level>
  <class>com.kms.katalon.core.logging.XmlKeywordLogger</class>
  <method>logMessage</method>
  <thread>1</thread>
  <message>Object: &amp;apos;Object Repository/Matts objects/attb/Page_ Fuse (ATTB qa)/a_ATTB&amp;apos; is clicked on</message>
  <nestedLevel>1</nestedLevel>
</record>
<record>
  <date>2019-08-29T13:49:24</date>
  <millis>1567108164274</millis>
  <sequence>68</sequence>
  <level>END</level>
  <class>com.kms.katalon.core.logging.XmlKeywordLogger</class>
  <method>endKeyword</method>
  <thread>1</thread>
  <message>End action : click(findTestObject(\&amp;quot;Matts objects/attb/Page_ Fuse (ATTB qa)/a_ATTB\&amp;quot;))</message>
  <nestedLevel>1</nestedLevel>
</record>
<record>
  <date>2019-08-29T13:49:24</date>
  <millis>1567108164275</millis>
  <sequence>69</sequence>
  <level>START</level>
  <class>com.kms.katalon.core.logging.XmlKeywordLogger</class>
  <method>startKeyword</method>
  <thread>1</thread>
  <message>Start action : switchToWindowIndex(\&amp;quot;1\&amp;quot;)</message>
  <nestedLevel>1</nestedLevel>
  <property name="startLine">30</property>
  <property name="stepIndex">8</property>
</record>
<record>
  <date>2019-08-29T13:49:24</date>
  <millis>1567108164344</millis>
  <sequence>72</sequence>
  <level>PASSED</level>
  <class>com.kms.katalon.core.logging.XmlKeywordLogger</class>
  <method>logMessage</method>
  <thread>1</thread>
  <message>Switched to window with index: &amp;apos;1&amp;apos;</message>
  <nestedLevel>1</nestedLevel>
</record>
<record>
  <date>2019-08-29T13:49:24</date>
  <millis>1567108164346</millis>
  <sequence>73</sequence>
  <level>END</level>
  <class>com.kms.katalon.core.logging.XmlKeywordLogger</class>
  <method>endKeyword</method>
  <thread>1</thread>
  <message>End action : switchToWindowIndex(\&amp;quot;1\&amp;quot;)</message>
  <nestedLevel>1</nestedLevel>
</record>
<record>
  <date>2019-08-29T13:49:24</date>
  <millis>1567108164347</millis>
  <sequence>74</sequence>
  <level>START</level>
  <class>com.kms.katalon.core.logging.XmlKeywordLogger</class>
  <method>startKeyword</method>
  <thread>1</thread>
  <message>Start action : waitForElementClickable(findTestObject(\&amp;quot;vnzmb customer slab/Page_ Fuse (verizonsmb qa)/input_First Name _customer_first_name\&amp;quot;), 0)</message>
  <nestedLevel>1</nestedLevel>
  <property name="startLine">33</property>
  <property name="stepIndex">9</property>
</record>
<record>
  <date>2019-08-29T13:49:24</date>
  <millis>1567108164382</millis>
  <sequence>78</sequence>
  <level>WARNING</level>
  <class>com.kms.katalon.core.logging.XmlKeywordLogger</class>
  <method>logMessage</method>
  <thread>1</thread>
  <message>Timeout &amp;apos;0&amp;apos; is invalid. Using default page load timeout: &amp;apos;30&amp;apos;</message>
  <nestedLevel>1</nestedLevel>
</record>
<record>
  <date>2019-08-29T13:49:27</date>
  <millis>1567108167067</millis>
  <sequence>82</sequence>
  <level>PASSED</level>
  <class>com.kms.katalon.core.logging.XmlKeywordLogger</class>
  <method>logMessage</method>
  <thread>1</thread>
  <message>Object &amp;apos;Object Repository/vnzmb customer slab/Page_ Fuse (verizonsmb qa)/input_First Name _customer_first_name&amp;apos; is clickable</message>
  <nestedLevel>1</nestedLevel>
</record>
<record>
  <date>2019-08-29T13:49:27</date>
  <millis>1567108167068</millis>
  <sequence>83</sequence>
  <level>END</level>
  <class>com.kms.katalon.core.logging.XmlKeywordLogger</class>
  <method>endKeyword</method>
  <thread>1</thread>
  <message>End action : waitForElementClickable(findTestObject(\&amp;quot;vnzmb customer slab/Page_ Fuse (verizonsmb qa)/input_First Name _customer_first_name\&amp;quot;), 0)</message>
  <nestedLevel>1</nestedLevel>
</record>
<record>
  <date>2019-08-29T13:49:27</date>
  <millis>1567108167068</millis>
  <sequence>84</sequence>
  <level>START</level>
  <class>com.kms.katalon.core.logging.XmlKeywordLogger</class>
  <method>startKeyword</method>
  <thread>1</thread>
  <message>Start action : click(findTestObject(\&amp;quot;Verizon SMB Object repo/Page_ Fuse (verizonsmb qa)/input_First Name _customer_first_name\&amp;quot;))</message>
  <nestedLevel>1</nestedLevel>
  <property name="startLine">36</property>
  <property name="stepIndex">10</property>
</record>
<record>
  <date>2019-08-29T13:49:27</date>
  <millis>1567108167190</millis>
  <sequence>91</sequence>
  <level>PASSED</level>
  <class>com.kms.katalon.core.logging.XmlKeywordLogger</class>
  <method>logMessage</method>
  <thread>1</thread>
  <message>Object: &amp;apos;Object Repository/Verizon SMB Object repo/Page_ Fuse (verizonsmb qa)/input_First Name _customer_first_name&amp;apos; is clicked on</message>
  <nestedLevel>1</nestedLevel>
</record>
<record>
  <date>2019-08-29T13:49:27</date>
  <millis>1567108167192</millis>
  <sequence>92</sequence>
  <level>END</level>
  <class>com.kms.katalon.core.logging.XmlKeywordLogger</class>
  <method>endKeyword</method>
  <thread>1</thread>
  <message>End action : click(findTestObject(\&amp;quot;Verizon SMB Object repo/Page_ Fuse (verizonsmb qa)/input_First Name _customer_first_name\&amp;quot;))</message>
  <nestedLevel>1</nestedLevel>
</record>
<record>
  <date>2019-08-29T13:49:27</date>
  <millis>1567108167192</millis>
  <sequence>93</sequence>
  <level>START</level>
  <class>com.kms.katalon.core.logging.XmlKeywordLogger</class>
  <method>startKeyword</method>
  <thread>1</thread>
  <message>Start action : setText(findTestObject(\&amp;quot;Verizon SMB Object repo/Page_ Fuse (verizonsmb qa)/input_First Name _customer_first_name\&amp;quot;), \&amp;quot;Test\&amp;quot;)</message>
  <nestedLevel>1</nestedLevel>
  <property name="startLine">38</property>
  <property name="stepIndex">11</property>
</record>
<record>
  <date>2019-08-29T13:49:27</date>
  <millis>1567108167615</millis>
  <sequence>102</sequence>
  <level>PASSED</level>
  <class>com.kms.katalon.core.logging.XmlKeywordLogger</class>
  <method>logMessage</method>
  <thread>1</thread>
  <message>Text &amp;apos;Test&amp;apos; is set on object &amp;apos;Object Repository/Verizon SMB Object repo/Page_ Fuse (verizonsmb qa)/input_First Name _customer_first_name&amp;apos;</message>
  <nestedLevel>1</nestedLevel>
</record>
<record>
  <date>2019-08-29T13:49:27</date>
  <millis>1567108167616</millis>
  <sequence>103</sequence>
  <level>END</level>
  <class>com.kms.katalon.core.logging.XmlKeywordLogger</class>
  <method>endKeyword</method>
  <thread>1</thread>
  <message>End action : setText(findTestObject(\&amp;quot;Verizon SMB Object repo/Page_ Fuse (verizonsmb qa)/input_First Name _customer_first_name\&amp;quot;), \&amp;quot;Test\&amp;quot;)</message>
  <nestedLevel>1</nestedLevel>
</record>
<record>
  <date>2019-08-29T13:49:27</date>
  <millis>1567108167617</millis>
  <sequence>104</sequence>
  <level>START</level>
  <class>com.kms.katalon.core.logging.XmlKeywordLogger</class>
  <method>startKeyword</method>
  <thread>1</thread>
  <message>Start action : setText(findTestObject(\&amp;quot;Verizon SMB Object repo/Page_ Fuse (verizonsmb qa)/input_Last Name _customer_last_name\&amp;quot;), \&amp;quot;object\&amp;quot;)</message>
  <nestedLevel>1</nestedLevel>
  <property name="startLine">41</property>
  <property name="stepIndex">12</property>
</record>
<record>
  <date>2019-08-29T13:49:28</date>
  <millis>1567108168007</millis>
  <sequence>113</sequence>
  <level>PASSED</level>
  <class>com.kms.katalon.core.logging.XmlKeywordLogger</class>
  <method>logMessage</method>
  <thread>1</thread>
  <message>Text &amp;apos;object&amp;apos; is set on object &amp;apos;Object Repository/Verizon SMB Object repo/Page_ Fuse (verizonsmb qa)/input_Last Name _customer_last_name&amp;apos;</message>
  <nestedLevel>1</nestedLevel>
</record>
<record>
  <date>2019-08-29T13:49:28</date>
  <millis>1567108168008</millis>
  <sequence>114</sequence>
  <level>END</level>
  <class>com.kms.katalon.core.logging.XmlKeywordLogger</class>
  <method>endKeyword</method>
  <thread>1</thread>
  <message>End action : setText(findTestObject(\&amp;quot;Verizon SMB Object repo/Page_ Fuse (verizonsmb qa)/input_Last Name _customer_last_name\&amp;quot;), \&amp;quot;object\&amp;quot;)</message>
  <nestedLevel>1</nestedLevel>
</record>
<record>
  <date>2019-08-29T13:49:28</date>
  <millis>1567108168008</millis>
  <sequence>115</sequence>
  <level>START</level>
  <class>com.kms.katalon.core.logging.XmlKeywordLogger</class>
  <method>startKeyword</method>
  <thread>1</thread>
  <message>Start action : setText(findTestObject(\&amp;quot;Verizon SMB Object repo/Page_ Fuse (verizonsmb qa)/input_Email _customer_email\&amp;quot;), \&amp;quot;Test@testing.com\&amp;quot;)</message>
  <nestedLevel>1</nestedLevel>
  <property name="startLine">44</property>
  <property name="stepIndex">13</property>
</record>
<record>
  <date>2019-08-29T13:49:28</date>
  <millis>1567108168930</millis>
  <sequence>124</sequence>
  <level>PASSED</level>
  <class>com.kms.katalon.core.logging.XmlKeywordLogger</class>
  <method>logMessage</method>
  <thread>1</thread>
  <message>Text &amp;apos;Test@testing.com&amp;apos; is set on object &amp;apos;Object Repository/Verizon SMB Object repo/Page_ Fuse (verizonsmb qa)/input_Email _customer_email&amp;apos;</message>
  <nestedLevel>1</nestedLevel>
</record>
<record>
  <date>2019-08-29T13:49:28</date>
  <millis>1567108168931</millis>
  <sequence>125</sequence>
  <level>END</level>
  <class>com.kms.katalon.core.logging.XmlKeywordLogger</class>
  <method>endKeyword</method>
  <thread>1</thread>
  <message>End action : setText(findTestObject(\&amp;quot;Verizon SMB Object repo/Page_ Fuse (verizonsmb qa)/input_Email _customer_email\&amp;quot;), \&amp;quot;Test@testing.com\&amp;quot;)</message>
  <nestedLevel>1</nestedLevel>
</record>
<record>
  <date>2019-08-29T13:49:28</date>
  <millis>1567108168931</millis>
  <sequence>126</sequence>
  <level>START</level>
  <class>com.kms.katalon.core.logging.XmlKeywordLogger</class>
  <method>startKeyword</method>
  <thread>1</thread>
  <message>Start action : setText(findTestObject(\&amp;quot;Verizon SMB Object repo/Page_ Fuse (verizonsmb qa)/input_Phone _customer_phone_numbers_primary_phone_number\&amp;quot;), \&amp;quot;5464987854\&amp;quot;)</message>
  <nestedLevel>1</nestedLevel>
  <property name="startLine">46</property>
  <property name="stepIndex">14</property>
</record>
<record>
  <date>2019-08-29T13:49:29</date>
  <millis>1567108169606</millis>
  <sequence>135</sequence>
  <level>PASSED</level>
  <class>com.kms.katalon.core.logging.XmlKeywordLogger</class>
  <method>logMessage</method>
  <thread>1</thread>
  <message>Text &amp;apos;5464987854&amp;apos; is set on object &amp;apos;Object Repository/Verizon SMB Object repo/Page_ Fuse (verizonsmb qa)/input_Phone _customer_phone_numbers_primary_phone_number&amp;apos;</message>
  <nestedLevel>1</nestedLevel>
</record>
<record>
  <date>2019-08-29T13:49:29</date>
  <millis>1567108169607</millis>
  <sequence>136</sequence>
  <level>END</level>
  <class>com.kms.katalon.core.logging.XmlKeywordLogger</class>
  <method>endKeyword</method>
  <thread>1</thread>
  <message>End action : setText(findTestObject(\&amp;quot;Verizon SMB Object repo/Page_ Fuse (verizonsmb qa)/input_Phone _customer_phone_numbers_primary_phone_number\&amp;quot;), \&amp;quot;5464987854\&amp;quot;)</message>
  <nestedLevel>1</nestedLevel>
</record>
<record>
  <date>2019-08-29T13:49:29</date>
  <millis>1567108169607</millis>
  <sequence>137</sequence>
  <level>START</level>
  <class>com.kms.katalon.core.logging.XmlKeywordLogger</class>
  <method>startKeyword</method>
  <thread>1</thread>
  <message>Start action : click(findTestObject(\&amp;quot;VZN phone consent/Page_ Fuse (verizonsmb qa)/span_Yes\&amp;quot;))</message>
  <nestedLevel>1</nestedLevel>
  <property name="startLine">49</property>
  <property name="stepIndex">15</property>
</record>
<record>
  <date>2019-08-29T13:49:29</date>
  <millis>1567108169793</millis>
  <sequence>144</sequence>
  <level>PASSED</level>
  <class>com.kms.katalon.core.logging.XmlKeywordLogger</class>
  <method>logMessage</method>
  <thread>1</thread>
  <message>Object: &amp;apos;Object Repository/VZN phone consent/Page_ Fuse (verizonsmb qa)/span_Yes&amp;apos; is clicked on</message>
  <nestedLevel>1</nestedLevel>
</record>
<record>
  <date>2019-08-29T13:49:29</date>
  <millis>1567108169795</millis>
  <sequence>145</sequence>
  <level>END</level>
  <class>com.kms.katalon.core.logging.XmlKeywordLogger</class>
  <method>endKeyword</method>
  <thread>1</thread>
  <message>End action : click(findTestObject(\&amp;quot;VZN phone consent/Page_ Fuse (verizonsmb qa)/span_Yes\&amp;quot;))</message>
  <nestedLevel>1</nestedLevel>
</record>
<record>
  <date>2019-08-29T13:49:29</date>
  <millis>1567108169795</millis>
  <sequence>146</sequence>
  <level>START</level>
  <class>com.kms.katalon.core.logging.XmlKeywordLogger</class>
  <method>startKeyword</method>
  <thread>1</thread>
  <message>Start action : setText(findTestObject(\&amp;quot;Verizon SMB Object repo/Page_ Fuse (verizonsmb qa)/input_Street Address _customer_addresses_primary_line1\&amp;quot;), \&amp;quot;1316 lavaca ct\&amp;quot;)</message>
  <nestedLevel>1</nestedLevel>
  <property name="startLine">51</property>
  <property name="stepIndex">16</property>
</record>
<record>
  <date>2019-08-29T13:49:30</date>
  <millis>1567108170021</millis>
  <sequence>155</sequence>
  <level>PASSED</level>
  <class>com.kms.katalon.core.logging.XmlKeywordLogger</class>
  <method>logMessage</method>
  <thread>1</thread>
  <message>Text &amp;apos;1316 lavaca ct&amp;apos; is set on object &amp;apos;Object Repository/Verizon SMB Object repo/Page_ Fuse (verizonsmb qa)/input_Street Address _customer_addresses_primary_line1&amp;apos;</message>
  <nestedLevel>1</nestedLevel>
</record>
<record>
  <date>2019-08-29T13:49:30</date>
  <millis>1567108170022</millis>
  <sequence>156</sequence>
  <level>END</level>
  <class>com.kms.katalon.core.logging.XmlKeywordLogger</class>
  <method>endKeyword</method>
  <thread>1</thread>
  <message>End action : setText(findTestObject(\&amp;quot;Verizon SMB Object repo/Page_ Fuse (verizonsmb qa)/input_Street Address _customer_addresses_primary_line1\&amp;quot;), \&amp;quot;1316 lavaca ct\&amp;quot;)</message>
  <nestedLevel>1</nestedLevel>
</record>
<record>
  <date>2019-08-29T13:49:30</date>
  <millis>1567108170023</millis>
  <sequence>157</sequence>
  <level>START</level>
  <class>com.kms.katalon.core.logging.XmlKeywordLogger</class>
  <method>startKeyword</method>
  <thread>1</thread>
  <message>Start action : setText(findTestObject(\&amp;quot;Verizon SMB Object repo/Page_ Fuse (verizonsmb qa)/input_City _customer_addresses_primary_city\&amp;quot;), \&amp;quot;Cape Coral\&amp;quot;)</message>
  <nestedLevel>1</nestedLevel>
  <property name="startLine">54</property>
  <property name="stepIndex">17</property>
</record>
<record>
  <date>2019-08-29T13:49:30</date>
  <millis>1567108170381</millis>
  <sequence>166</sequence>
  <level>PASSED</level>
  <class>com.kms.katalon.core.logging.XmlKeywordLogger</class>
  <method>logMessage</method>
  <thread>1</thread>
  <message>Text &amp;apos;Cape Coral&amp;apos; is set on object &amp;apos;Object Repository/Verizon SMB Object repo/Page_ Fuse (verizonsmb qa)/input_City _customer_addresses_primary_city&amp;apos;</message>
  <nestedLevel>1</nestedLevel>
</record>
<record>
  <date>2019-08-29T13:49:30</date>
  <millis>1567108170382</millis>
  <sequence>167</sequence>
  <level>END</level>
  <class>com.kms.katalon.core.logging.XmlKeywordLogger</class>
  <method>endKeyword</method>
  <thread>1</thread>
  <message>End action : setText(findTestObject(\&amp;quot;Verizon SMB Object repo/Page_ Fuse (verizonsmb qa)/input_City _customer_addresses_primary_city\&amp;quot;), \&amp;quot;Cape Coral\&amp;quot;)</message>
  <nestedLevel>1</nestedLevel>
</record>
<record>
  <date>2019-08-29T13:49:30</date>
  <millis>1567108170382</millis>
  <sequence>168</sequence>
  <level>START</level>
  <class>com.kms.katalon.core.logging.XmlKeywordLogger</class>
  <method>startKeyword</method>
  <thread>1</thread>
  <message>Start action : selectOptionByIndex(findTestObject(\&amp;quot;Verizon SMB Object repo/Page_ Fuse (verizonsmb qa)/select_Alabama\&amp;quot;), 10)</message>
  <nestedLevel>1</nestedLevel>
  <property name="startLine">57</property>
  <property name="stepIndex">18</property>
</record>
<record>
  <date>2019-08-29T13:49:31</date>
  <millis>1567108171242</millis>
  <sequence>180</sequence>
  <level>PASSED</level>
  <class>com.kms.katalon.core.logging.XmlKeywordLogger</class>
  <method>logMessage</method>
  <thread>1</thread>
  <message>All options with index in [10] are selected on object &amp;apos;Object Repository/Verizon SMB Object repo/Page_ Fuse (verizonsmb qa)/select_Alabama&amp;apos;</message>
  <nestedLevel>1</nestedLevel>
</record>
<record>
  <date>2019-08-29T13:49:31</date>
  <millis>1567108171243</millis>
  <sequence>181</sequence>
  <level>END</level>
  <class>com.kms.katalon.core.logging.XmlKeywordLogger</class>
  <method>endKeyword</method>
  <thread>1</thread>
  <message>End action : selectOptionByIndex(findTestObject(\&amp;quot;Verizon SMB Object repo/Page_ Fuse (verizonsmb qa)/select_Alabama\&amp;quot;), 10)</message>
  <nestedLevel>1</nestedLevel>
</record>
<record>
  <date>2019-08-29T13:49:31</date>
  <millis>1567108171243</millis>
  <sequence>182</sequence>
  <level>START</level>
  <class>com.kms.katalon.core.logging.XmlKeywordLogger</class>
  <method>startKeyword</method>
  <thread>1</thread>
  <message>Start action : setText(findTestObject(\&amp;quot;Verizon SMB Object repo/Page_ Fuse (verizonsmb qa)/input_ZipPostal Code _customer_addresses_primary_postal_code\&amp;quot;), \&amp;quot;33991\&amp;quot;)</message>
  <nestedLevel>1</nestedLevel>
  <property name="startLine">59</property>
  <property name="stepIndex">19</property>
</record>
<record>
  <date>2019-08-29T13:49:31</date>
  <millis>1567108171650</millis>
  <sequence>191</sequence>
  <level>PASSED</level>
  <class>com.kms.katalon.core.logging.XmlKeywordLogger</class>
  <method>logMessage</method>
  <thread>1</thread>
  <message>Text &amp;apos;33991&amp;apos; is set on object &amp;apos;Object Repository/Verizon SMB Object repo/Page_ Fuse (verizonsmb qa)/input_ZipPostal Code _customer_addresses_primary_postal_code&amp;apos;</message>
  <nestedLevel>1</nestedLevel>
</record>
<record>
  <date>2019-08-29T13:49:31</date>
  <millis>1567108171651</millis>
  <sequence>192</sequence>
  <level>END</level>
  <class>com.kms.katalon.core.logging.XmlKeywordLogger</class>
  <method>endKeyword</method>
  <thread>1</thread>
  <message>End action : setText(findTestObject(\&amp;quot;Verizon SMB Object repo/Page_ Fuse (verizonsmb qa)/input_ZipPostal Code _customer_addresses_primary_postal_code\&amp;quot;), \&amp;quot;33991\&amp;quot;)</message>
  <nestedLevel>1</nestedLevel>
</record>
<record>
  <date>2019-08-29T13:49:31</date>
  <millis>1567108171651</millis>
  <sequence>193</sequence>
  <level>START</level>
  <class>com.kms.katalon.core.logging.XmlKeywordLogger</class>
  <method>startKeyword</method>
  <thread>1</thread>
  <message>Start action : scrollToPosition(9999999, 9999999)</message>
  <nestedLevel>1</nestedLevel>
  <property name="startLine">62</property>
  <property name="stepIndex">20</property>
</record>
<record>
  <date>2019-08-29T13:49:31</date>
  <millis>1567108171727</millis>
  <sequence>197</sequence>
  <level>PASSED</level>
  <class>com.kms.katalon.core.logging.XmlKeywordLogger</class>
  <method>logMessage</method>
  <thread>1</thread>
  <message>Browser is scrolled to position x = 9999999, y = 9999999</message>
  <nestedLevel>1</nestedLevel>
</record>
<record>
  <date>2019-08-29T13:49:31</date>
  <millis>1567108171728</millis>
  <sequence>198</sequence>
  <level>END</level>
  <class>com.kms.katalon.core.logging.XmlKeywordLogger</class>
  <method>endKeyword</method>
  <thread>1</thread>
  <message>End action : scrollToPosition(9999999, 9999999)</message>
  <nestedLevel>1</nestedLevel>
</record>
<record>
  <date>2019-08-29T13:49:31</date>
  <millis>1567108171729</millis>
  <sequence>199</sequence>
  <level>START</level>
  <class>com.kms.katalon.core.logging.XmlKeywordLogger</class>
  <method>startKeyword</method>
  <thread>1</thread>
  <message>Start action : waitForElementVisible(findTestObject(\&amp;quot;Matts objects/attb/Page_ Fuse (ATTB qa)/Page_ Fuse (ATTB qa)/Page_ Fuse (ATTB qa)/input_Business Name _customer_business_name\&amp;quot;), 0)</message>
  <nestedLevel>1</nestedLevel>
  <property name="startLine">64</property>
  <property name="stepIndex">21</property>
</record>
<record>
  <date>2019-08-29T13:49:31</date>
  <millis>1567108171762</millis>
  <sequence>203</sequence>
  <level>WARNING</level>
  <class>com.kms.katalon.core.logging.XmlKeywordLogger</class>
  <method>logMessage</method>
  <thread>1</thread>
  <message>Timeout &amp;apos;0&amp;apos; is invalid. Using default page load timeout: &amp;apos;30&amp;apos;</message>
  <nestedLevel>1</nestedLevel>
</record>
<record>
  <date>2019-08-29T13:49:31</date>
  <millis>1567108171840</millis>
  <sequence>207</sequence>
  <level>PASSED</level>
  <class>com.kms.katalon.core.logging.XmlKeywordLogger</class>
  <method>logMessage</method>
  <thread>1</thread>
  <message>Object &amp;apos;Object Repository/Matts objects/attb/Page_ Fuse (ATTB qa)/Page_ Fuse (ATTB qa)/Page_ Fuse (ATTB qa)/input_Business Name _customer_business_name&amp;apos; is visible</message>
  <nestedLevel>1</nestedLevel>
</record>
<record>
  <date>2019-08-29T13:49:31</date>
  <millis>1567108171841</millis>
  <sequence>208</sequence>
  <level>END</level>
  <class>com.kms.katalon.core.logging.XmlKeywordLogger</class>
  <method>endKeyword</method>
  <thread>1</thread>
  <message>End action : waitForElementVisible(findTestObject(\&amp;quot;Matts objects/attb/Page_ Fuse (ATTB qa)/Page_ Fuse (ATTB qa)/Page_ Fuse (ATTB qa)/input_Business Name _customer_business_name\&amp;quot;), 0)</message>
  <nestedLevel>1</nestedLevel>
</record>
<record>
  <date>2019-08-29T13:49:31</date>
  <millis>1567108171841</millis>
  <sequence>209</sequence>
  <level>START</level>
  <class>com.kms.katalon.core.logging.XmlKeywordLogger</class>
  <method>startKeyword</method>
  <thread>1</thread>
  <message>Start action : setText(findTestObject(\&amp;quot;Matts objects/attb/Page_ Fuse (ATTB qa)/Page_ Fuse (ATTB qa)/Page_ Fuse (ATTB qa)/input_Business Name _customer_business_name\&amp;quot;), \&amp;quot;fake business\&amp;quot;)</message>
  <nestedLevel>1</nestedLevel>
  <property name="startLine">67</property>
  <property name="stepIndex">22</property>
</record>
<record>
  <date>2019-08-29T13:49:32</date>
  <millis>1567108172656</millis>
  <sequence>218</sequence>
  <level>PASSED</level>
  <class>com.kms.katalon.core.logging.XmlKeywordLogger</class>
  <method>logMessage</method>
  <thread>1</thread>
  <message>Text &amp;apos;fake business&amp;apos; is set on object &amp;apos;Object Repository/Matts objects/attb/Page_ Fuse (ATTB qa)/Page_ Fuse (ATTB qa)/Page_ Fuse (ATTB qa)/input_Business Name _customer_business_name&amp;apos;</message>
  <nestedLevel>1</nestedLevel>
</record>
<record>
  <date>2019-08-29T13:49:32</date>
  <millis>1567108172657</millis>
  <sequence>219</sequence>
  <level>END</level>
  <class>com.kms.katalon.core.logging.XmlKeywordLogger</class>
  <method>endKeyword</method>
  <thread>1</thread>
  <message>End action : setText(findTestObject(\&amp;quot;Matts objects/attb/Page_ Fuse (ATTB qa)/Page_ Fuse (ATTB qa)/Page_ Fuse (ATTB qa)/input_Business Name _customer_business_name\&amp;quot;), \&amp;quot;fake business\&amp;quot;)</message>
  <nestedLevel>1</nestedLevel>
</record>
<record>
  <date>2019-08-29T13:49:32</date>
  <millis>1567108172658</millis>
  <sequence>220</sequence>
  <level>START</level>
  <class>com.kms.katalon.core.logging.XmlKeywordLogger</class>
  <method>startKeyword</method>
  <thread>1</thread>
  <message>Start action : scrollToElement(findTestObject(\&amp;quot;Matts objects/attb/Page_ Fuse (ATTB qa)/Page_ Fuse (ATTB qa)/button_Next\&amp;quot;), 0)</message>
  <nestedLevel>1</nestedLevel>
  <property name="startLine">71</property>
  <property name="stepIndex">23</property>
</record>
<record>
  <date>2019-08-29T13:49:32</date>
  <millis>1567108172687</millis>
  <sequence>224</sequence>
  <level>WARNING</level>
  <class>com.kms.katalon.core.logging.XmlKeywordLogger</class>
  <method>logMessage</method>
  <thread>1</thread>
  <message>Timeout &amp;apos;0&amp;apos; is invalid. Using default page load timeout: &amp;apos;30&amp;apos;</message>
  <nestedLevel>1</nestedLevel>
</record>
<record>
  <date>2019-08-29T13:49:32</date>
  <millis>1567108172726</millis>
  <sequence>229</sequence>
  <level>PASSED</level>
  <class>com.kms.katalon.core.logging.XmlKeywordLogger</class>
  <method>logMessage</method>
  <thread>1</thread>
  <message>Scroll to object &amp;apos;Object Repository/Matts objects/attb/Page_ Fuse (ATTB qa)/Page_ Fuse (ATTB qa)/button_Next&amp;apos; successfully</message>
  <nestedLevel>1</nestedLevel>
</record>
<record>
  <date>2019-08-29T13:49:32</date>
  <millis>1567108172727</millis>
  <sequence>230</sequence>
  <level>END</level>
  <class>com.kms.katalon.core.logging.XmlKeywordLogger</class>
  <method>endKeyword</method>
  <thread>1</thread>
  <message>End action : scrollToElement(findTestObject(\&amp;quot;Matts objects/attb/Page_ Fuse (ATTB qa)/Page_ Fuse (ATTB qa)/button_Next\&amp;quot;), 0)</message>
  <nestedLevel>1</nestedLevel>
</record>
<record>
  <date>2019-08-29T13:49:32</date>
  <millis>1567108172727</millis>
  <sequence>231</sequence>
  <level>START</level>
  <class>com.kms.katalon.core.logging.XmlKeywordLogger</class>
  <method>startKeyword</method>
  <thread>1</thread>
  <message>Start action : click(findTestObject(\&amp;quot;Matts objects/attb/Page_ Fuse (ATTB qa)/Page_ Fuse (ATTB qa)/button_Next\&amp;quot;))</message>
  <nestedLevel>1</nestedLevel>
  <property name="startLine">73</property>
  <property name="stepIndex">24</property>
</record>
<record>
  <date>2019-08-29T13:49:32</date>
  <millis>1567108172955</millis>
  <sequence>238</sequence>
  <level>PASSED</level>
  <class>com.kms.katalon.core.logging.XmlKeywordLogger</class>
  <method>logMessage</method>
  <thread>1</thread>
  <message>Object: &amp;apos;Object Repository/Matts objects/attb/Page_ Fuse (ATTB qa)/Page_ Fuse (ATTB qa)/button_Next&amp;apos; is clicked on</message>
  <nestedLevel>1</nestedLevel>
</record>
<record>
  <date>2019-08-29T13:49:32</date>
  <millis>1567108172956</millis>
  <sequence>239</sequence>
  <level>END</level>
  <class>com.kms.katalon.core.logging.XmlKeywordLogger</class>
  <method>endKeyword</method>
  <thread>1</thread>
  <message>End action : click(findTestObject(\&amp;quot;Matts objects/attb/Page_ Fuse (ATTB qa)/Page_ Fuse (ATTB qa)/button_Next\&amp;quot;))</message>
  <nestedLevel>1</nestedLevel>
</record>
<record>
  <date>2019-08-29T13:49:32</date>
  <millis>1567108172957</millis>
  <sequence>240</sequence>
  <level>START</level>
  <class>com.kms.katalon.core.logging.XmlKeywordLogger</class>
  <method>startKeyword</method>
  <thread>1</thread>
  <message>Start action : waitForElementVisible(findTestObject(\&amp;quot;Matts objects/attb/Page_ Fuse (ATTB qa)/Page_ Fuse (ATTB qa)/Page_ Fuse (ATTB qa)/Page_ Fuse (ATTB qa)/next products attb/Page_ Fuse (ATTB qa)/h1_Springboard\&amp;quot;), 0)</message>
  <nestedLevel>1</nestedLevel>
  <property name="startLine">75</property>
  <property name="stepIndex">25</property>
</record>
<record>
  <date>2019-08-29T13:49:32</date>
  <millis>1567108172977</millis>
  <sequence>244</sequence>
  <level>WARNING</level>
  <class>com.kms.katalon.core.logging.XmlKeywordLogger</class>
  <method>logMessage</method>
  <thread>1</thread>
  <message>Timeout &amp;apos;0&amp;apos; is invalid. Using default page load timeout: &amp;apos;30&amp;apos;</message>
  <nestedLevel>1</nestedLevel>
</record>
<record>
  <date>2019-08-29T13:49:34</date>
  <millis>1567108174101</millis>
  <sequence>248</sequence>
  <level>PASSED</level>
  <class>com.kms.katalon.core.logging.XmlKeywordLogger</class>
  <method>logMessage</method>
  <thread>1</thread>
  <message>Object &amp;apos;Object Repository/Matts objects/attb/Page_ Fuse (ATTB qa)/Page_ Fuse (ATTB qa)/Page_ Fuse (ATTB qa)/Page_ Fuse (ATTB qa)/next products attb/Page_ Fuse (ATTB qa)/h1_Springboard&amp;apos; is visible</message>
  <nestedLevel>1</nestedLevel>
</record>
<record>
  <date>2019-08-29T13:49:34</date>
  <millis>1567108174101</millis>
  <sequence>249</sequence>
  <level>END</level>
  <class>com.kms.katalon.core.logging.XmlKeywordLogger</class>
  <method>endKeyword</method>
  <thread>1</thread>
  <message>End action : waitForElementVisible(findTestObject(\&amp;quot;Matts objects/attb/Page_ Fuse (ATTB qa)/Page_ Fuse (ATTB qa)/Page_ Fuse (ATTB qa)/Page_ Fuse (ATTB qa)/next products attb/Page_ Fuse (ATTB qa)/h1_Springboard\&amp;quot;), 0)</message>
  <nestedLevel>1</nestedLevel>
</record>
<record>
  <date>2019-08-29T13:49:34</date>
  <millis>1567108174101</millis>
  <sequence>250</sequence>
  <level>START</level>
  <class>com.kms.katalon.core.logging.XmlKeywordLogger</class>
  <method>startKeyword</method>
  <thread>1</thread>
  <message>Start action : click(findTestObject(\&amp;quot;Matts objects/attb/Page_ Fuse (ATTB qa)/Page_ Fuse (ATTB qa)/Page_ Fuse (ATTB qa)/Page_ Fuse (ATTB qa)/button_Next\&amp;quot;))</message>
  <nestedLevel>1</nestedLevel>
  <property name="startLine">78</property>
  <property name="stepIndex">26</property>
</record>
<record>
  <date>2019-08-29T13:49:34</date>
  <millis>1567108174203</millis>
  <sequence>257</sequence>
  <level>PASSED</level>
  <class>com.kms.katalon.core.logging.XmlKeywordLogger</class>
  <method>logMessage</method>
  <thread>1</thread>
  <message>Object: &amp;apos;Object Repository/Matts objects/attb/Page_ Fuse (ATTB qa)/Page_ Fuse (ATTB qa)/Page_ Fuse (ATTB qa)/Page_ Fuse (ATTB qa)/button_Next&amp;apos; is clicked on</message>
  <nestedLevel>1</nestedLevel>
</record>
<record>
  <date>2019-08-29T13:49:34</date>
  <millis>1567108174204</millis>
  <sequence>258</sequence>
  <level>END</level>
  <class>com.kms.katalon.core.logging.XmlKeywordLogger</class>
  <method>endKeyword</method>
  <thread>1</thread>
  <message>End action : click(findTestObject(\&amp;quot;Matts objects/attb/Page_ Fuse (ATTB qa)/Page_ Fuse (ATTB qa)/Page_ Fuse (ATTB qa)/Page_ Fuse (ATTB qa)/button_Next\&amp;quot;))</message>
  <nestedLevel>1</nestedLevel>
</record>
<record>
  <date>2019-08-29T13:49:34</date>
  <millis>1567108174204</millis>
  <sequence>259</sequence>
  <level>START</level>
  <class>com.kms.katalon.core.logging.XmlKeywordLogger</class>
  <method>startKeyword</method>
  <thread>1</thread>
  <message>Start action : waitForElementClickable(findTestObject(\&amp;quot;Matts objects/attb/Page_ Fuse (ATTB qa)/Page_ Fuse (ATTB qa)/Page_ Fuse (ATTB qa)/Page_ Fuse (ATTB qa)/span_Yes\&amp;quot;), 0)</message>
  <nestedLevel>1</nestedLevel>
  <property name="startLine">80</property>
  <property name="stepIndex">27</property>
</record>
<record>
  <date>2019-08-29T13:49:34</date>
  <millis>1567108174221</millis>
  <sequence>263</sequence>
  <level>WARNING</level>
  <class>com.kms.katalon.core.logging.XmlKeywordLogger</class>
  <method>logMessage</method>
  <thread>1</thread>
  <message>Timeout &amp;apos;0&amp;apos; is invalid. Using default page load timeout: &amp;apos;30&amp;apos;</message>
  <nestedLevel>1</nestedLevel>
</record>
<record>
  <date>2019-08-29T13:49:35</date>
  <millis>1567108175279</millis>
  <sequence>267</sequence>
  <level>PASSED</level>
  <class>com.kms.katalon.core.logging.XmlKeywordLogger</class>
  <method>logMessage</method>
  <thread>1</thread>
  <message>Object &amp;apos;Object Repository/Matts objects/attb/Page_ Fuse (ATTB qa)/Page_ Fuse (ATTB qa)/Page_ Fuse (ATTB qa)/Page_ Fuse (ATTB qa)/span_Yes&amp;apos; is clickable</message>
  <nestedLevel>1</nestedLevel>
</record>
<record>
  <date>2019-08-29T13:49:35</date>
  <millis>1567108175280</millis>
  <sequence>268</sequence>
  <level>END</level>
  <class>com.kms.katalon.core.logging.XmlKeywordLogger</class>
  <method>endKeyword</method>
  <thread>1</thread>
  <message>End action : waitForElementClickable(findTestObject(\&amp;quot;Matts objects/attb/Page_ Fuse (ATTB qa)/Page_ Fuse (ATTB qa)/Page_ Fuse (ATTB qa)/Page_ Fuse (ATTB qa)/span_Yes\&amp;quot;), 0)</message>
  <nestedLevel>1</nestedLevel>
</record>
<record>
  <date>2019-08-29T13:49:35</date>
  <millis>1567108175280</millis>
  <sequence>269</sequence>
  <level>START</level>
  <class>com.kms.katalon.core.logging.XmlKeywordLogger</class>
  <method>startKeyword</method>
  <thread>1</thread>
  <message>Start action : delay(1)</message>
  <nestedLevel>1</nestedLevel>
  <property name="startLine">83</property>
  <property name="stepIndex">28</property>
</record>
<record>
  <date>2019-08-29T13:49:36</date>
  <millis>1567108176319</millis>
  <sequence>271</sequence>
  <level>PASSED</level>
  <class>com.kms.katalon.core.logging.XmlKeywordLogger</class>
  <method>logMessage</method>
  <thread>1</thread>
  <message>Delayed 1 second(s)</message>
  <nestedLevel>1</nestedLevel>
</record>
<record>
  <date>2019-08-29T13:49:36</date>
  <millis>1567108176320</millis>
  <sequence>272</sequence>
  <level>END</level>
  <class>com.kms.katalon.core.logging.XmlKeywordLogger</class>
  <method>endKeyword</method>
  <thread>1</thread>
  <message>End action : delay(1)</message>
  <nestedLevel>1</nestedLevel>
</record>
<record>
  <date>2019-08-29T13:49:36</date>
  <millis>1567108176321</millis>
  <sequence>273</sequence>
  <level>START</level>
  <class>com.kms.katalon.core.logging.XmlKeywordLogger</class>
  <method>startKeyword</method>
  <thread>1</thread>
  <message>Start action : click(findTestObject(\&amp;quot;Matts objects/attb/Page_ Fuse (ATTB qa)/Page_ Fuse (ATTB qa)/Page_ Fuse (ATTB qa)/Page_ Fuse (ATTB qa)/span_Yes\&amp;quot;))</message>
  <nestedLevel>1</nestedLevel>
  <property name="startLine">85</property>
  <property name="stepIndex">29</property>
</record>
<record>
  <date>2019-08-29T13:49:36</date>
  <millis>1567108176436</millis>
  <sequence>280</sequence>
  <level>PASSED</level>
  <class>com.kms.katalon.core.logging.XmlKeywordLogger</class>
  <method>logMessage</method>
  <thread>1</thread>
  <message>Object: &amp;apos;Object Repository/Matts objects/attb/Page_ Fuse (ATTB qa)/Page_ Fuse (ATTB qa)/Page_ Fuse (ATTB qa)/Page_ Fuse (ATTB qa)/span_Yes&amp;apos; is clicked on</message>
  <nestedLevel>1</nestedLevel>
</record>
<record>
  <date>2019-08-29T13:49:36</date>
  <millis>1567108176436</millis>
  <sequence>281</sequence>
  <level>END</level>
  <class>com.kms.katalon.core.logging.XmlKeywordLogger</class>
  <method>endKeyword</method>
  <thread>1</thread>
  <message>End action : click(findTestObject(\&amp;quot;Matts objects/attb/Page_ Fuse (ATTB qa)/Page_ Fuse (ATTB qa)/Page_ Fuse (ATTB qa)/Page_ Fuse (ATTB qa)/span_Yes\&amp;quot;))</message>
  <nestedLevel>1</nestedLevel>
</record>
<record>
  <date>2019-08-29T13:49:36</date>
  <millis>1567108176437</millis>
  <sequence>282</sequence>
  <level>START</level>
  <class>com.kms.katalon.core.logging.XmlKeywordLogger</class>
  <method>startKeyword</method>
  <thread>1</thread>
  <message>Start action : setText(findTestObject(\&amp;quot;Matts objects/attb products/Page_ Fuse (ATTB qa)/input_BANBTN _order_dsi_order_id\&amp;quot;), \&amp;quot;12345-6789\&amp;quot;)</message>
  <nestedLevel>1</nestedLevel>
  <property name="startLine">87</property>
  <property name="stepIndex">30</property>
</record>
<record>
  <date>2019-08-29T13:49:36</date>
  <millis>1567108176666</millis>
  <sequence>291</sequence>
  <level>PASSED</level>
  <class>com.kms.katalon.core.logging.XmlKeywordLogger</class>
  <method>logMessage</method>
  <thread>1</thread>
  <message>Text &amp;apos;12345-6789&amp;apos; is set on object &amp;apos;Object Repository/Matts objects/attb products/Page_ Fuse (ATTB qa)/input_BANBTN _order_dsi_order_id&amp;apos;</message>
  <nestedLevel>1</nestedLevel>
</record>
<record>
  <date>2019-08-29T13:49:36</date>
  <millis>1567108176666</millis>
  <sequence>292</sequence>
  <level>END</level>
  <class>com.kms.katalon.core.logging.XmlKeywordLogger</class>
  <method>endKeyword</method>
  <thread>1</thread>
  <message>End action : setText(findTestObject(\&amp;quot;Matts objects/attb products/Page_ Fuse (ATTB qa)/input_BANBTN _order_dsi_order_id\&amp;quot;), \&amp;quot;12345-6789\&amp;quot;)</message>
  <nestedLevel>1</nestedLevel>
</record>
<record>
  <date>2019-08-29T13:49:36</date>
  <millis>1567108176667</millis>
  <sequence>293</sequence>
  <level>START</level>
  <class>com.kms.katalon.core.logging.XmlKeywordLogger</class>
  <method>startKeyword</method>
  <thread>1</thread>
  <message>Start action : click(findTestObject(\&amp;quot;Matts objects/attb/Page_ Fuse (ATTB qa)/input_Available Products_form-control\&amp;quot;), STOP_ON_FAILURE)</message>
  <nestedLevel>1</nestedLevel>
  <property name="startLine">89</property>
  <property name="stepIndex">31</property>
</record>
<record>
  <date>2019-08-29T13:49:36</date>
  <millis>1567108176805</millis>
  <sequence>300</sequence>
  <level>PASSED</level>
  <class>com.kms.katalon.core.logging.XmlKeywordLogger</class>
  <method>logMessage</method>
  <thread>1</thread>
  <message>Object: &amp;apos;Object Repository/Matts objects/attb/Page_ Fuse (ATTB qa)/input_Available Products_form-control&amp;apos; is clicked on</message>
  <nestedLevel>1</nestedLevel>
</record>
<record>
  <date>2019-08-29T13:49:36</date>
  <millis>1567108176806</millis>
  <sequence>301</sequence>
  <level>END</level>
  <class>com.kms.katalon.core.logging.XmlKeywordLogger</class>
  <method>endKeyword</method>
  <thread>1</thread>
  <message>End action : click(findTestObject(\&amp;quot;Matts objects/attb/Page_ Fuse (ATTB qa)/input_Available Products_form-control\&amp;quot;), STOP_ON_FAILURE)</message>
  <nestedLevel>1</nestedLevel>
</record>
<record>
  <date>2019-08-29T13:49:36</date>
  <millis>1567108176806</millis>
  <sequence>302</sequence>
  <level>START</level>
  <class>com.kms.katalon.core.logging.XmlKeywordLogger</class>
  <method>startKeyword</method>
  <thread>1</thread>
  <message>Start action : click(findTestObject(\&amp;quot;Matts objects/attb/Page_ Fuse (ATTB qa)/a_Uverse  6 mbps\&amp;quot;))</message>
  <nestedLevel>1</nestedLevel>
  <property name="startLine">91</property>
  <property name="stepIndex">32</property>
</record>
<record>
  <date>2019-08-29T13:49:36</date>
  <millis>1567108176983</millis>
  <sequence>309</sequence>
  <level>PASSED</level>
  <class>com.kms.katalon.core.logging.XmlKeywordLogger</class>
  <method>logMessage</method>
  <thread>1</thread>
  <message>Object: &amp;apos;Object Repository/Matts objects/attb/Page_ Fuse (ATTB qa)/a_Uverse  6 mbps&amp;apos; is clicked on</message>
  <nestedLevel>1</nestedLevel>
</record>
<record>
  <date>2019-08-29T13:49:36</date>
  <millis>1567108176984</millis>
  <sequence>310</sequence>
  <level>END</level>
  <class>com.kms.katalon.core.logging.XmlKeywordLogger</class>
  <method>endKeyword</method>
  <thread>1</thread>
  <message>End action : click(findTestObject(\&amp;quot;Matts objects/attb/Page_ Fuse (ATTB qa)/a_Uverse  6 mbps\&amp;quot;))</message>
  <nestedLevel>1</nestedLevel>
</record>
<record>
  <date>2019-08-29T13:49:36</date>
  <millis>1567108176984</millis>
  <sequence>311</sequence>
  <level>START</level>
  <class>com.kms.katalon.core.logging.XmlKeywordLogger</class>
  <method>startKeyword</method>
  <thread>1</thread>
  <message>Start action : delay(1)</message>
  <nestedLevel>1</nestedLevel>
  <property name="startLine">93</property>
  <property name="stepIndex">33</property>
</record>
<record>
  <date>2019-08-29T13:49:37</date>
  <millis>1567108177996</millis>
  <sequence>313</sequence>
  <level>PASSED</level>
  <class>com.kms.katalon.core.logging.XmlKeywordLogger</class>
  <method>logMessage</method>
  <thread>1</thread>
  <message>Delayed 1 second(s)</message>
  <nestedLevel>1</nestedLevel>
</record>
<record>
  <date>2019-08-29T13:49:37</date>
  <millis>1567108177997</millis>
  <sequence>314</sequence>
  <level>END</level>
  <class>com.kms.katalon.core.logging.XmlKeywordLogger</class>
  <method>endKeyword</method>
  <thread>1</thread>
  <message>End action : delay(1)</message>
  <nestedLevel>1</nestedLevel>
</record>
<record>
  <date>2019-08-29T13:49:37</date>
  <millis>1567108177997</millis>
  <sequence>315</sequence>
  <level>START</level>
  <class>com.kms.katalon.core.logging.XmlKeywordLogger</class>
  <method>startKeyword</method>
  <thread>1</thread>
  <message>Start action : waitForElementVisible(findTestObject(\&amp;quot;Matts objects/attb/products next/Page_ Fuse (ATTB qa)/button_Next\&amp;quot;), 30)</message>
  <nestedLevel>1</nestedLevel>
  <property name="startLine">95</property>
  <property name="stepIndex">34</property>
</record>
<record>
  <date>2019-08-29T13:49:38</date>
  <millis>1567108178058</millis>
  <sequence>322</sequence>
  <level>PASSED</level>
  <class>com.kms.katalon.core.logging.XmlKeywordLogger</class>
  <method>logMessage</method>
  <thread>1</thread>
  <message>Object &amp;apos;Object Repository/Matts objects/attb/products next/Page_ Fuse (ATTB qa)/button_Next&amp;apos; is visible</message>
  <nestedLevel>1</nestedLevel>
</record>
<record>
  <date>2019-08-29T13:49:38</date>
  <millis>1567108178058</millis>
  <sequence>323</sequence>
  <level>END</level>
  <class>com.kms.katalon.core.logging.XmlKeywordLogger</class>
  <method>endKeyword</method>
  <thread>1</thread>
  <message>End action : waitForElementVisible(findTestObject(\&amp;quot;Matts objects/attb/products next/Page_ Fuse (ATTB qa)/button_Next\&amp;quot;), 30)</message>
  <nestedLevel>1</nestedLevel>
</record>
<record>
  <date>2019-08-29T13:49:38</date>
  <millis>1567108178059</millis>
  <sequence>324</sequence>
  <level>START</level>
  <class>com.kms.katalon.core.logging.XmlKeywordLogger</class>
  <method>startKeyword</method>
  <thread>1</thread>
  <message>Start action : click(findTestObject(\&amp;quot;Matts objects/attb/products next/Page_ Fuse (ATTB qa)/button_Next\&amp;quot;))</message>
  <nestedLevel>1</nestedLevel>
  <property name="startLine">97</property>
  <property name="stepIndex">35</property>
</record>
<record>
  <date>2019-08-29T13:49:38</date>
  <millis>1567108178154</millis>
  <sequence>331</sequence>
  <level>PASSED</level>
  <class>com.kms.katalon.core.logging.XmlKeywordLogger</class>
  <method>logMessage</method>
  <thread>1</thread>
  <message>Object: &amp;apos;Object Repository/Matts objects/attb/products next/Page_ Fuse (ATTB qa)/button_Next&amp;apos; is clicked on</message>
  <nestedLevel>1</nestedLevel>
</record>
<record>
  <date>2019-08-29T13:49:38</date>
  <millis>1567108178154</millis>
  <sequence>332</sequence>
  <level>END</level>
  <class>com.kms.katalon.core.logging.XmlKeywordLogger</class>
  <method>endKeyword</method>
  <thread>1</thread>
  <message>End action : click(findTestObject(\&amp;quot;Matts objects/attb/products next/Page_ Fuse (ATTB qa)/button_Next\&amp;quot;))</message>
  <nestedLevel>1</nestedLevel>
</record>
<record>
  <date>2019-08-29T13:49:38</date>
  <millis>1567108178155</millis>
  <sequence>333</sequence>
  <level>START</level>
  <class>com.kms.katalon.core.logging.XmlKeywordLogger</class>
  <method>startKeyword</method>
  <thread>1</thread>
  <message>Start action : waitForElementVisible(findTestObject(\&amp;quot;Matts objects/attb/schedule/Page_ Fuse (ATTB qa)/a_Status Log\&amp;quot;), 0)</message>
  <nestedLevel>1</nestedLevel>
  <property name="startLine">99</property>
  <property name="stepIndex">36</property>
</record>
<record>
  <date>2019-08-29T13:49:38</date>
  <millis>1567108178174</millis>
  <sequence>337</sequence>
  <level>WARNING</level>
  <class>com.kms.katalon.core.logging.XmlKeywordLogger</class>
  <method>logMessage</method>
  <thread>1</thread>
  <message>Timeout &amp;apos;0&amp;apos; is invalid. Using default page load timeout: &amp;apos;30&amp;apos;</message>
  <nestedLevel>1</nestedLevel>
</record>
<record>
  <date>2019-08-29T13:49:39</date>
  <millis>1567108179256</millis>
  <sequence>341</sequence>
  <level>PASSED</level>
  <class>com.kms.katalon.core.logging.XmlKeywordLogger</class>
  <method>logMessage</method>
  <thread>1</thread>
  <message>Object &amp;apos;Object Repository/Matts objects/attb/schedule/Page_ Fuse (ATTB qa)/a_Status Log&amp;apos; is visible</message>
  <nestedLevel>1</nestedLevel>
</record>
<record>
  <date>2019-08-29T13:49:39</date>
  <millis>1567108179257</millis>
  <sequence>342</sequence>
  <level>END</level>
  <class>com.kms.katalon.core.logging.XmlKeywordLogger</class>
  <method>endKeyword</method>
  <thread>1</thread>
  <message>End action : waitForElementVisible(findTestObject(\&amp;quot;Matts objects/attb/schedule/Page_ Fuse (ATTB qa)/a_Status Log\&amp;quot;), 0)</message>
  <nestedLevel>1</nestedLevel>
</record>
<record>
  <date>2019-08-29T13:49:39</date>
  <millis>1567108179257</millis>
  <sequence>343</sequence>
  <level>START</level>
  <class>com.kms.katalon.core.logging.XmlKeywordLogger</class>
  <method>startKeyword</method>
  <thread>1</thread>
  <message>Start action : click(findTestObject(\&amp;quot;Matts objects/attb/schedule/Page_ Fuse (ATTB qa)/button_Schedule\&amp;quot;))</message>
  <nestedLevel>1</nestedLevel>
  <property name="startLine">101</property>
  <property name="stepIndex">37</property>
</record>
<record>
  <date>2019-08-29T13:49:39</date>
  <millis>1567108179431</millis>
  <sequence>350</sequence>
  <level>PASSED</level>
  <class>com.kms.katalon.core.logging.XmlKeywordLogger</class>
  <method>logMessage</method>
  <thread>1</thread>
  <message>Object: &amp;apos;Object Repository/Matts objects/attb/schedule/Page_ Fuse (ATTB qa)/button_Schedule&amp;apos; is clicked on</message>
  <nestedLevel>1</nestedLevel>
</record>
<record>
  <date>2019-08-29T13:49:39</date>
  <millis>1567108179432</millis>
  <sequence>351</sequence>
  <level>END</level>
  <class>com.kms.katalon.core.logging.XmlKeywordLogger</class>
  <method>endKeyword</method>
  <thread>1</thread>
  <message>End action : click(findTestObject(\&amp;quot;Matts objects/attb/schedule/Page_ Fuse (ATTB qa)/button_Schedule\&amp;quot;))</message>
  <nestedLevel>1</nestedLevel>
</record>
<record>
  <date>2019-08-29T13:49:39</date>
  <millis>1567108179432</millis>
  <sequence>352</sequence>
  <level>START</level>
  <class>com.kms.katalon.core.logging.XmlKeywordLogger</class>
  <method>startKeyword</method>
  <thread>1</thread>
  <message>Start action : verifyTextPresent(\&amp;quot;scheduled\&amp;quot;, false, STOP_ON_FAILURE)</message>
  <nestedLevel>1</nestedLevel>
  <property name="startLine">104</property>
  <property name="stepIndex">38</property>
</record>
<record>
  <date>2019-08-29T13:49:39</date>
  <millis>1567108179732</millis>
  <sequence>355</sequence>
  <level>PASSED</level>
  <class>com.kms.katalon.core.logging.XmlKeywordLogger</class>
  <method>logMessage</method>
  <thread>1</thread>
  <message>Text &amp;apos;scheduled&amp;apos; is present on page </message>
  <nestedLevel>1</nestedLevel>
</record>
<record>
  <date>2019-08-29T13:49:39</date>
  <millis>1567108179733</millis>
  <sequence>356</sequence>
  <level>END</level>
  <class>com.kms.katalon.core.logging.XmlKeywordLogger</class>
  <method>endKeyword</method>
  <thread>1</thread>
  <message>End action : verifyTextPresent(\&amp;quot;scheduled\&amp;quot;, false, STOP_ON_FAILURE)</message>
  <nestedLevel>1</nestedLevel>
</record>
<record>
  <date>2019-08-29T13:49:39</date>
  <millis>1567108179733</millis>
  <sequence>357</sequence>
  <level>PASSED</level>
  <class>com.kms.katalon.core.logging.XmlKeywordLogger</class>
  <method>logMessage</method>
  <thread>1</thread>
  <message>Test Cases/Matts sandbox/attb test 1</message>
  <nestedLevel>1</nestedLevel>
</record>
<record>
  <date>2019-08-29T13:49:41</date>
  <millis>1567108181750</millis>
  <sequence>358</sequence>
  <level>END</level>
  <class>com.kms.katalon.core.logging.XmlKeywordLogger</class>
  <method>endTest</method>
  <thread>1</thread>
  <message>End Test Case : Test Cases/Matts sandbox/attb test 1</message>
  <nestedLevel>0</nestedLevel>
</record>
<record>
  <date>2019-08-29T13:49:41</date>
  <millis>1567108181762</millis>
  <sequence>359</sequence>
  <level>START</level>
  <class>com.kms.katalon.core.logging.XmlKeywordLogger</class>
  <method>startTest</method>
  <thread>1</thread>
  <message>Start Test Case : Test Cases/Matts sandbox/CTL happy path</message>
  <nestedLevel>1</nestedLevel>
  <property name="name">Test Cases/Matts sandbox/CTL happy path</property>
  <property name="description"></property>
  <property name="id">Test Cases/Matts sandbox/CTL happy path</property>
  <property name="source">C:\\Users\\Matt.Browning\\git\\CLTestsFUSEdev\\Test Cases\\Matts sandbox\\CTL happy path.tc</property>
  <property name="tag"></property>
  <property name="isOptional">false</property>
</record>
<record>
  <date>2019-08-29T13:49:42</date>
  <millis>1567108182475</millis>
  <sequence>361</sequence>
  <level>START</level>
  <class>com.kms.katalon.core.logging.XmlKeywordLogger</class>
  <method>startKeyword</method>
  <thread>1</thread>
  <message>Start action : currentDate = new java.util.Date()</message>
  <nestedLevel>1</nestedLevel>
  <property name="startLine">17</property>
  <property name="stepIndex">1</property>
</record>
<record>
  <date>2019-08-29T13:49:42</date>
  <millis>1567108182504</millis>
  <sequence>362</sequence>
  <level>END</level>
  <class>com.kms.katalon.core.logging.XmlKeywordLogger</class>
  <method>endKeyword</method>
  <thread>1</thread>
  <message>End action : currentDate = new java.util.Date()</message>
  <nestedLevel>1</nestedLevel>
</record>
<record>
  <date>2019-08-29T13:49:42</date>
  <millis>1567108182504</millis>
  <sequence>363</sequence>
  <level>START</level>
  <class>com.kms.katalon.core.logging.XmlKeywordLogger</class>
  <method>startKeyword</method>
  <thread>1</thread>
  <message>Start action : openBrowser(\&amp;quot;https://fuse.staging.clearlink.com\&amp;quot;)</message>
  <nestedLevel>1</nestedLevel>
  <property name="startLine">19</property>
  <property name="stepIndex">2</property>
</record>
<record>
  <date>2019-08-29T13:49:42</date>
  <millis>1567108182537</millis>
  <sequence>365</sequence>
  <level>WARNING</level>
  <class>com.kms.katalon.core.logging.XmlKeywordLogger</class>
  <method>logMessage</method>
  <thread>1</thread>
  <message>A browser is already opened. Closing browser and opening a new one</message>
  <nestedLevel>1</nestedLevel>
</record>
<record>
  <date>2019-08-29T13:49:43</date>
  <millis>1567108183446</millis>
  <sequence>366</sequence>
  <level>INFO</level>
  <class>com.kms.katalon.core.logging.XmlKeywordLogger</class>
  <method>logMessage</method>
  <thread>1</thread>
  <message>Starting &amp;apos;Chrome&amp;apos; driver</message>
  <nestedLevel>1</nestedLevel>
</record>
<record>
  <date>2019-08-29T13:49:45</date>
  <millis>1567108185894</millis>
  <sequence>369</sequence>
  <level>RUN_DATA</level>
  <class>com.kms.katalon.core.logging.XmlKeywordLogger</class>
  <method>logMessage</method>
  <thread>1</thread>
  <message>sessionId = b6e3038bcfe21fcccb29e0dd6110c5f2</message>
  <nestedLevel>1</nestedLevel>
  <property name="sessionId">b6e3038bcfe21fcccb29e0dd6110c5f2</property>
</record>
<record>
  <date>2019-08-29T13:49:45</date>
  <millis>1567108185926</millis>
  <sequence>370</sequence>
  <level>RUN_DATA</level>
  <class>com.kms.katalon.core.logging.XmlKeywordLogger</class>
  <method>logMessage</method>
  <thread>1</thread>
  <message>browser = Chrome 76.0.3809.132</message>
  <nestedLevel>1</nestedLevel>
  <property name="browser">Chrome 76.0.3809.132</property>
</record>
<record>
  <date>2019-08-29T13:49:45</date>
  <millis>1567108185927</millis>
  <sequence>371</sequence>
  <level>RUN_DATA</level>
  <class>com.kms.katalon.core.logging.XmlKeywordLogger</class>
  <method>logMessage</method>
  <thread>1</thread>
  <message>platform = Windows 10</message>
  <nestedLevel>1</nestedLevel>
  <property name="platform">Windows 10</property>
</record>
<record>
  <date>2019-08-29T13:49:45</date>
  <millis>1567108185927</millis>
  <sequence>372</sequence>
  <level>RUN_DATA</level>
  <class>com.kms.katalon.core.logging.XmlKeywordLogger</class>
  <method>logMessage</method>
  <thread>1</thread>
  <message>seleniumVersion = 3.141.59</message>
  <nestedLevel>1</nestedLevel>
  <property name="seleniumVersion">3.141.59</property>
</record>
<record>
  <date>2019-08-29T13:49:45</date>
  <millis>1567108185928</millis>
  <sequence>373</sequence>
  <level>RUN_DATA</level>
  <class>com.kms.katalon.core.logging.XmlKeywordLogger</class>
  <method>logMessage</method>
  <thread>1</thread>
  <message>proxyInformation = ProxyInformation{proxyOption=NO_PROXY, proxyServerType=HTTP, password=, proxyServerAddress=, proxyServerPort=0}</message>
  <nestedLevel>1</nestedLevel>
  <property name="proxyInformation">ProxyInformation{proxyOption=NO_PROXY, proxyServerType=HTTP, password=, proxyServerAddress=, proxyServerPort=0}</property>
</record>
<record>
  <date>2019-08-29T13:49:47</date>
  <millis>1567108187093</millis>
  <sequence>375</sequence>
  <level>PASSED</level>
  <class>com.kms.katalon.core.logging.XmlKeywordLogger</class>
  <method>logMessage</method>
  <thread>1</thread>
  <message>Browser is opened with url: &amp;apos;https://fuse.staging.clearlink.com&amp;apos;</message>
  <nestedLevel>1</nestedLevel>
</record>
<record>
  <date>2019-08-29T13:49:47</date>
  <millis>1567108187094</millis>
  <sequence>376</sequence>
  <level>END</level>
  <class>com.kms.katalon.core.logging.XmlKeywordLogger</class>
  <method>endKeyword</method>
  <thread>1</thread>
  <message>End action : openBrowser(\&amp;quot;https://fuse.staging.clearlink.com\&amp;quot;)</message>
  <nestedLevel>1</nestedLevel>
</record>
<record>
  <date>2019-08-29T13:49:47</date>
  <millis>1567108187094</millis>
  <sequence>377</sequence>
  <level>START</level>
  <class>com.kms.katalon.core.logging.XmlKeywordLogger</class>
  <method>startKeyword</method>
  <thread>1</thread>
  <message>Start action : setText(findTestObject(\&amp;quot;UAT login/Page_Clearlink Authentication/input_to Fuse (Dev)_usr\&amp;quot;), \&amp;quot;centurylink.qa@clearlink.com\&amp;quot;)</message>
  <nestedLevel>1</nestedLevel>
  <property name="startLine">21</property>
  <property name="stepIndex">3</property>
</record>
<record>
  <date>2019-08-29T13:49:47</date>
  <millis>1567108187413</millis>
  <sequence>386</sequence>
  <level>PASSED</level>
  <class>com.kms.katalon.core.logging.XmlKeywordLogger</class>
  <method>logMessage</method>
  <thread>1</thread>
  <message>Text &amp;apos;centurylink.qa@clearlink.com&amp;apos; is set on object &amp;apos;Object Repository/UAT login/Page_Clearlink Authentication/input_to Fuse (Dev)_usr&amp;apos;</message>
  <nestedLevel>1</nestedLevel>
</record>
<record>
  <date>2019-08-29T13:49:47</date>
  <millis>1567108187414</millis>
  <sequence>387</sequence>
  <level>END</level>
  <class>com.kms.katalon.core.logging.XmlKeywordLogger</class>
  <method>endKeyword</method>
  <thread>1</thread>
  <message>End action : setText(findTestObject(\&amp;quot;UAT login/Page_Clearlink Authentication/input_to Fuse (Dev)_usr\&amp;quot;), \&amp;quot;centurylink.qa@clearlink.com\&amp;quot;)</message>
  <nestedLevel>1</nestedLevel>
</record>
<record>
  <date>2019-08-29T13:49:47</date>
  <millis>1567108187415</millis>
  <sequence>388</sequence>
  <level>START</level>
  <class>com.kms.katalon.core.logging.XmlKeywordLogger</class>
  <method>startKeyword</method>
  <thread>1</thread>
  <message>Start action : setText(findTestObject(\&amp;quot;UAT login/Page_Clearlink Authentication/input_to Fuse (Dev)_pwd\&amp;quot;), \&amp;quot;Clink2019!\&amp;quot;)</message>
  <nestedLevel>1</nestedLevel>
  <property name="startLine">23</property>
  <property name="stepIndex">4</property>
</record>
<record>
  <date>2019-08-29T13:49:47</date>
  <millis>1567108187639</millis>
  <sequence>397</sequence>
  <level>PASSED</level>
  <class>com.kms.katalon.core.logging.XmlKeywordLogger</class>
  <method>logMessage</method>
  <thread>1</thread>
  <message>Text &amp;apos;Clink2019!&amp;apos; is set on object &amp;apos;Object Repository/UAT login/Page_Clearlink Authentication/input_to Fuse (Dev)_pwd&amp;apos;</message>
  <nestedLevel>1</nestedLevel>
</record>
<record>
  <date>2019-08-29T13:49:47</date>
  <millis>1567108187639</millis>
  <sequence>398</sequence>
  <level>END</level>
  <class>com.kms.katalon.core.logging.XmlKeywordLogger</class>
  <method>endKeyword</method>
  <thread>1</thread>
  <message>End action : setText(findTestObject(\&amp;quot;UAT login/Page_Clearlink Authentication/input_to Fuse (Dev)_pwd\&amp;quot;), \&amp;quot;Clink2019!\&amp;quot;)</message>
  <nestedLevel>1</nestedLevel>
</record>
<record>
  <date>2019-08-29T13:49:47</date>
  <millis>1567108187640</millis>
  <sequence>399</sequence>
  <level>START</level>
  <class>com.kms.katalon.core.logging.XmlKeywordLogger</class>
  <method>startKeyword</method>
  <thread>1</thread>
  <message>Start action : click(findTestObject(\&amp;quot;REST examples/uatlogin1/Page_Clearlink Authentication/button_Login\&amp;quot;))</message>
  <nestedLevel>1</nestedLevel>
  <property name="startLine">25</property>
  <property name="stepIndex">5</property>
</record>
<record>
  <date>2019-08-29T13:49:51</date>
  <millis>1567108191680</millis>
  <sequence>406</sequence>
  <level>PASSED</level>
  <class>com.kms.katalon.core.logging.XmlKeywordLogger</class>
  <method>logMessage</method>
  <thread>1</thread>
  <message>Object: &amp;apos;Object Repository/REST examples/uatlogin1/Page_Clearlink Authentication/button_Login&amp;apos; is clicked on</message>
  <nestedLevel>1</nestedLevel>
</record>
<record>
  <date>2019-08-29T13:49:51</date>
  <millis>1567108191681</millis>
  <sequence>407</sequence>
  <level>END</level>
  <class>com.kms.katalon.core.logging.XmlKeywordLogger</class>
  <method>endKeyword</method>
  <thread>1</thread>
  <message>End action : click(findTestObject(\&amp;quot;REST examples/uatlogin1/Page_Clearlink Authentication/button_Login\&amp;quot;))</message>
  <nestedLevel>1</nestedLevel>
</record>
<record>
  <date>2019-08-29T13:49:51</date>
  <millis>1567108191681</millis>
  <sequence>408</sequence>
  <level>START</level>
  <class>com.kms.katalon.core.logging.XmlKeywordLogger</class>
  <method>startKeyword</method>
  <thread>1</thread>
  <message>Start action : waitForPageLoad(3)</message>
  <nestedLevel>1</nestedLevel>
  <property name="startLine">27</property>
  <property name="stepIndex">6</property>
</record>
<record>
  <date>2019-08-29T13:49:51</date>
  <millis>1567108191744</millis>
  <sequence>410</sequence>
  <level>PASSED</level>
  <class>com.kms.katalon.core.logging.XmlKeywordLogger</class>
  <method>logMessage</method>
  <thread>1</thread>
  <message>Wait for page load successfully</message>
  <nestedLevel>1</nestedLevel>
</record>
<record>
  <date>2019-08-29T13:49:51</date>
  <millis>1567108191745</millis>
  <sequence>411</sequence>
  <level>END</level>
  <class>com.kms.katalon.core.logging.XmlKeywordLogger</class>
  <method>endKeyword</method>
  <thread>1</thread>
  <message>End action : waitForPageLoad(3)</message>
  <nestedLevel>1</nestedLevel>
</record>
<record>
  <date>2019-08-29T13:49:51</date>
  <millis>1567108191745</millis>
  <sequence>412</sequence>
  <level>START</level>
  <class>com.kms.katalon.core.logging.XmlKeywordLogger</class>
  <method>startKeyword</method>
  <thread>1</thread>
  <message>Start action : maximizeWindow()</message>
  <nestedLevel>1</nestedLevel>
  <property name="startLine">29</property>
  <property name="stepIndex">7</property>
</record>
<record>
  <date>2019-08-29T13:49:52</date>
  <millis>1567108192959</millis>
  <sequence>414</sequence>
  <level>PASSED</level>
  <class>com.kms.katalon.core.logging.XmlKeywordLogger</class>
  <method>logMessage</method>
  <thread>1</thread>
  <message>Current window maximized</message>
  <nestedLevel>1</nestedLevel>
</record>
<record>
  <date>2019-08-29T13:49:52</date>
  <millis>1567108192960</millis>
  <sequence>415</sequence>
  <level>END</level>
  <class>com.kms.katalon.core.logging.XmlKeywordLogger</class>
  <method>endKeyword</method>
  <thread>1</thread>
  <message>End action : maximizeWindow()</message>
  <nestedLevel>1</nestedLevel>
</record>
<record>
  <date>2019-08-29T13:49:52</date>
  <millis>1567108192960</millis>
  <sequence>416</sequence>
  <level>START</level>
  <class>com.kms.katalon.core.logging.XmlKeywordLogger</class>
  <method>startKeyword</method>
  <thread>1</thread>
  <message>Start action : click(findTestObject(\&amp;quot;All screen pop updated/Page_ Fuse all screen pop updated/a_EMBARQ\&amp;quot;))</message>
  <nestedLevel>1</nestedLevel>
  <property name="startLine">31</property>
  <property name="stepIndex">8</property>
</record>
<record>
  <date>2019-08-29T13:49:53</date>
  <millis>1567108193185</millis>
  <sequence>423</sequence>
  <level>PASSED</level>
  <class>com.kms.katalon.core.logging.XmlKeywordLogger</class>
  <method>logMessage</method>
  <thread>1</thread>
  <message>Object: &amp;apos;Object Repository/All screen pop updated/Page_ Fuse all screen pop updated/a_EMBARQ&amp;apos; is clicked on</message>
  <nestedLevel>1</nestedLevel>
</record>
<record>
  <date>2019-08-29T13:49:53</date>
  <millis>1567108193186</millis>
  <sequence>424</sequence>
  <level>END</level>
  <class>com.kms.katalon.core.logging.XmlKeywordLogger</class>
  <method>endKeyword</method>
  <thread>1</thread>
  <message>End action : click(findTestObject(\&amp;quot;All screen pop updated/Page_ Fuse all screen pop updated/a_EMBARQ\&amp;quot;))</message>
  <nestedLevel>1</nestedLevel>
</record>
<record>
  <date>2019-08-29T13:49:53</date>
  <millis>1567108193186</millis>
  <sequence>425</sequence>
  <level>START</level>
  <class>com.kms.katalon.core.logging.XmlKeywordLogger</class>
  <method>startKeyword</method>
  <thread>1</thread>
  <message>Start action : switchToWindowIndex(\&amp;quot;1\&amp;quot;)</message>
  <nestedLevel>1</nestedLevel>
  <property name="startLine">33</property>
  <property name="stepIndex">9</property>
</record>
<record>
  <date>2019-08-29T13:49:53</date>
  <millis>1567108193227</millis>
  <sequence>428</sequence>
  <level>PASSED</level>
  <class>com.kms.katalon.core.logging.XmlKeywordLogger</class>
  <method>logMessage</method>
  <thread>1</thread>
  <message>Switched to window with index: &amp;apos;1&amp;apos;</message>
  <nestedLevel>1</nestedLevel>
</record>
<record>
  <date>2019-08-29T13:49:53</date>
  <millis>1567108193228</millis>
  <sequence>429</sequence>
  <level>END</level>
  <class>com.kms.katalon.core.logging.XmlKeywordLogger</class>
  <method>endKeyword</method>
  <thread>1</thread>
  <message>End action : switchToWindowIndex(\&amp;quot;1\&amp;quot;)</message>
  <nestedLevel>1</nestedLevel>
</record>
<record>
  <date>2019-08-29T13:49:53</date>
  <millis>1567108193228</millis>
  <sequence>430</sequence>
  <level>START</level>
  <class>com.kms.katalon.core.logging.XmlKeywordLogger</class>
  <method>startKeyword</method>
  <thread>1</thread>
  <message>Start action : click(findTestObject(\&amp;quot;Verizon SMB Object repo/Page_ Fuse (verizonsmb qa)/input_First Name _customer_first_name\&amp;quot;))</message>
  <nestedLevel>1</nestedLevel>
  <property name="startLine">36</property>
  <property name="stepIndex">10</property>
</record>
<record>
  <date>2019-08-29T13:49:56</date>
  <millis>1567108196286</millis>
  <sequence>437</sequence>
  <level>PASSED</level>
  <class>com.kms.katalon.core.logging.XmlKeywordLogger</class>
  <method>logMessage</method>
  <thread>1</thread>
  <message>Object: &amp;apos;Object Repository/Verizon SMB Object repo/Page_ Fuse (verizonsmb qa)/input_First Name _customer_first_name&amp;apos; is clicked on</message>
  <nestedLevel>1</nestedLevel>
</record>
<record>
  <date>2019-08-29T13:49:56</date>
  <millis>1567108196287</millis>
  <sequence>438</sequence>
  <level>END</level>
  <class>com.kms.katalon.core.logging.XmlKeywordLogger</class>
  <method>endKeyword</method>
  <thread>1</thread>
  <message>End action : click(findTestObject(\&amp;quot;Verizon SMB Object repo/Page_ Fuse (verizonsmb qa)/input_First Name _customer_first_name\&amp;quot;))</message>
  <nestedLevel>1</nestedLevel>
</record>
<record>
  <date>2019-08-29T13:49:56</date>
  <millis>1567108196287</millis>
  <sequence>439</sequence>
  <level>START</level>
  <class>com.kms.katalon.core.logging.XmlKeywordLogger</class>
  <method>startKeyword</method>
  <thread>1</thread>
  <message>Start action : setText(findTestObject(\&amp;quot;Verizon SMB Object repo/Page_ Fuse (verizonsmb qa)/input_First Name _customer_first_name\&amp;quot;), \&amp;quot;Test\&amp;quot;)</message>
  <nestedLevel>1</nestedLevel>
  <property name="startLine">38</property>
  <property name="stepIndex">11</property>
</record>
<record>
  <date>2019-08-29T13:49:56</date>
  <millis>1567108196698</millis>
  <sequence>448</sequence>
  <level>PASSED</level>
  <class>com.kms.katalon.core.logging.XmlKeywordLogger</class>
  <method>logMessage</method>
  <thread>1</thread>
  <message>Text &amp;apos;Test&amp;apos; is set on object &amp;apos;Object Repository/Verizon SMB Object repo/Page_ Fuse (verizonsmb qa)/input_First Name _customer_first_name&amp;apos;</message>
  <nestedLevel>1</nestedLevel>
</record>
<record>
  <date>2019-08-29T13:49:56</date>
  <millis>1567108196699</millis>
  <sequence>449</sequence>
  <level>END</level>
  <class>com.kms.katalon.core.logging.XmlKeywordLogger</class>
  <method>endKeyword</method>
  <thread>1</thread>
  <message>End action : setText(findTestObject(\&amp;quot;Verizon SMB Object repo/Page_ Fuse (verizonsmb qa)/input_First Name _customer_first_name\&amp;quot;), \&amp;quot;Test\&amp;quot;)</message>
  <nestedLevel>1</nestedLevel>
</record>
<record>
  <date>2019-08-29T13:49:56</date>
  <millis>1567108196700</millis>
  <sequence>450</sequence>
  <level>START</level>
  <class>com.kms.katalon.core.logging.XmlKeywordLogger</class>
  <method>startKeyword</method>
  <thread>1</thread>
  <message>Start action : setText(findTestObject(\&amp;quot;Verizon SMB Object repo/Page_ Fuse (verizonsmb qa)/input_Last Name _customer_last_name\&amp;quot;), \&amp;quot;object\&amp;quot;)</message>
  <nestedLevel>1</nestedLevel>
  <property name="startLine">41</property>
  <property name="stepIndex">12</property>
</record>
<record>
  <date>2019-08-29T13:49:57</date>
  <millis>1567108197293</millis>
  <sequence>459</sequence>
  <level>PASSED</level>
  <class>com.kms.katalon.core.logging.XmlKeywordLogger</class>
  <method>logMessage</method>
  <thread>1</thread>
  <message>Text &amp;apos;object&amp;apos; is set on object &amp;apos;Object Repository/Verizon SMB Object repo/Page_ Fuse (verizonsmb qa)/input_Last Name _customer_last_name&amp;apos;</message>
  <nestedLevel>1</nestedLevel>
</record>
<record>
  <date>2019-08-29T13:49:57</date>
  <millis>1567108197294</millis>
  <sequence>460</sequence>
  <level>END</level>
  <class>com.kms.katalon.core.logging.XmlKeywordLogger</class>
  <method>endKeyword</method>
  <thread>1</thread>
  <message>End action : setText(findTestObject(\&amp;quot;Verizon SMB Object repo/Page_ Fuse (verizonsmb qa)/input_Last Name _customer_last_name\&amp;quot;), \&amp;quot;object\&amp;quot;)</message>
  <nestedLevel>1</nestedLevel>
</record>
<record>
  <date>2019-08-29T13:49:57</date>
  <millis>1567108197294</millis>
  <sequence>461</sequence>
  <level>START</level>
  <class>com.kms.katalon.core.logging.XmlKeywordLogger</class>
  <method>startKeyword</method>
  <thread>1</thread>
  <message>Start action : setText(findTestObject(\&amp;quot;Verizon SMB Object repo/Page_ Fuse (verizonsmb qa)/input_Email _customer_email\&amp;quot;), \&amp;quot;Test@testing.com\&amp;quot;)</message>
  <nestedLevel>1</nestedLevel>
  <property name="startLine">44</property>
  <property name="stepIndex">13</property>
</record>
<record>
  <date>2019-08-29T13:49:58</date>
  <millis>1567108198722</millis>
  <sequence>470</sequence>
  <level>PASSED</level>
  <class>com.kms.katalon.core.logging.XmlKeywordLogger</class>
  <method>logMessage</method>
  <thread>1</thread>
  <message>Text &amp;apos;Test@testing.com&amp;apos; is set on object &amp;apos;Object Repository/Verizon SMB Object repo/Page_ Fuse (verizonsmb qa)/input_Email _customer_email&amp;apos;</message>
  <nestedLevel>1</nestedLevel>
</record>
<record>
  <date>2019-08-29T13:49:58</date>
  <millis>1567108198724</millis>
  <sequence>471</sequence>
  <level>END</level>
  <class>com.kms.katalon.core.logging.XmlKeywordLogger</class>
  <method>endKeyword</method>
  <thread>1</thread>
  <message>End action : setText(findTestObject(\&amp;quot;Verizon SMB Object repo/Page_ Fuse (verizonsmb qa)/input_Email _customer_email\&amp;quot;), \&amp;quot;Test@testing.com\&amp;quot;)</message>
  <nestedLevel>1</nestedLevel>
</record>
<record>
  <date>2019-08-29T13:49:58</date>
  <millis>1567108198724</millis>
  <sequence>472</sequence>
  <level>START</level>
  <class>com.kms.katalon.core.logging.XmlKeywordLogger</class>
  <method>startKeyword</method>
  <thread>1</thread>
  <message>Start action : setText(findTestObject(\&amp;quot;Verizon SMB Object repo/Page_ Fuse (verizonsmb qa)/input_Phone _customer_phone_numbers_primary_phone_number\&amp;quot;), \&amp;quot;5464987854\&amp;quot;)</message>
  <nestedLevel>1</nestedLevel>
  <property name="startLine">46</property>
  <property name="stepIndex">14</property>
</record>
<record>
  <date>2019-08-29T13:49:59</date>
  <millis>1567108199885</millis>
  <sequence>481</sequence>
  <level>PASSED</level>
  <class>com.kms.katalon.core.logging.XmlKeywordLogger</class>
  <method>logMessage</method>
  <thread>1</thread>
  <message>Text &amp;apos;5464987854&amp;apos; is set on object &amp;apos;Object Repository/Verizon SMB Object repo/Page_ Fuse (verizonsmb qa)/input_Phone _customer_phone_numbers_primary_phone_number&amp;apos;</message>
  <nestedLevel>1</nestedLevel>
</record>
<record>
  <date>2019-08-29T13:49:59</date>
  <millis>1567108199886</millis>
  <sequence>482</sequence>
  <level>END</level>
  <class>com.kms.katalon.core.logging.XmlKeywordLogger</class>
  <method>endKeyword</method>
  <thread>1</thread>
  <message>End action : setText(findTestObject(\&amp;quot;Verizon SMB Object repo/Page_ Fuse (verizonsmb qa)/input_Phone _customer_phone_numbers_primary_phone_number\&amp;quot;), \&amp;quot;5464987854\&amp;quot;)</message>
  <nestedLevel>1</nestedLevel>
</record>
<record>
  <date>2019-08-29T13:49:59</date>
  <millis>1567108199886</millis>
  <sequence>483</sequence>
  <level>START</level>
  <class>com.kms.katalon.core.logging.XmlKeywordLogger</class>
  <method>startKeyword</method>
  <thread>1</thread>
  <message>Start action : click(findTestObject(\&amp;quot;VZN phone consent/Page_ Fuse (verizonsmb qa)/span_Yes\&amp;quot;))</message>
  <nestedLevel>1</nestedLevel>
  <property name="startLine">49</property>
  <property name="stepIndex">15</property>
</record>
<record>
  <date>2019-08-29T13:50:00</date>
  <millis>1567108200149</millis>
  <sequence>490</sequence>
  <level>PASSED</level>
  <class>com.kms.katalon.core.logging.XmlKeywordLogger</class>
  <method>logMessage</method>
  <thread>1</thread>
  <message>Object: &amp;apos;Object Repository/VZN phone consent/Page_ Fuse (verizonsmb qa)/span_Yes&amp;apos; is clicked on</message>
  <nestedLevel>1</nestedLevel>
</record>
<record>
  <date>2019-08-29T13:50:00</date>
  <millis>1567108200150</millis>
  <sequence>491</sequence>
  <level>END</level>
  <class>com.kms.katalon.core.logging.XmlKeywordLogger</class>
  <method>endKeyword</method>
  <thread>1</thread>
  <message>End action : click(findTestObject(\&amp;quot;VZN phone consent/Page_ Fuse (verizonsmb qa)/span_Yes\&amp;quot;))</message>
  <nestedLevel>1</nestedLevel>
</record>
<record>
  <date>2019-08-29T13:50:00</date>
  <millis>1567108200150</millis>
  <sequence>492</sequence>
  <level>START</level>
  <class>com.kms.katalon.core.logging.XmlKeywordLogger</class>
  <method>startKeyword</method>
  <thread>1</thread>
  <message>Start action : setText(findTestObject(\&amp;quot;Verizon SMB Object repo/Page_ Fuse (verizonsmb qa)/input_Street Address _customer_addresses_primary_line1\&amp;quot;), \&amp;quot;1316 lavaca ct\&amp;quot;)</message>
  <nestedLevel>1</nestedLevel>
  <property name="startLine">51</property>
  <property name="stepIndex">16</property>
</record>
<record>
  <date>2019-08-29T13:50:00</date>
  <millis>1567108200443</millis>
  <sequence>501</sequence>
  <level>PASSED</level>
  <class>com.kms.katalon.core.logging.XmlKeywordLogger</class>
  <method>logMessage</method>
  <thread>1</thread>
  <message>Text &amp;apos;1316 lavaca ct&amp;apos; is set on object &amp;apos;Object Repository/Verizon SMB Object repo/Page_ Fuse (verizonsmb qa)/input_Street Address _customer_addresses_primary_line1&amp;apos;</message>
  <nestedLevel>1</nestedLevel>
</record>
<record>
  <date>2019-08-29T13:50:00</date>
  <millis>1567108200443</millis>
  <sequence>502</sequence>
  <level>END</level>
  <class>com.kms.katalon.core.logging.XmlKeywordLogger</class>
  <method>endKeyword</method>
  <thread>1</thread>
  <message>End action : setText(findTestObject(\&amp;quot;Verizon SMB Object repo/Page_ Fuse (verizonsmb qa)/input_Street Address _customer_addresses_primary_line1\&amp;quot;), \&amp;quot;1316 lavaca ct\&amp;quot;)</message>
  <nestedLevel>1</nestedLevel>
</record>
<record>
  <date>2019-08-29T13:50:00</date>
  <millis>1567108200444</millis>
  <sequence>503</sequence>
  <level>START</level>
  <class>com.kms.katalon.core.logging.XmlKeywordLogger</class>
  <method>startKeyword</method>
  <thread>1</thread>
  <message>Start action : setText(findTestObject(\&amp;quot;Verizon SMB Object repo/Page_ Fuse (verizonsmb qa)/input_City _customer_addresses_primary_city\&amp;quot;), \&amp;quot;Cape Coral\&amp;quot;)</message>
  <nestedLevel>1</nestedLevel>
  <property name="startLine">54</property>
  <property name="stepIndex">17</property>
</record>
<record>
  <date>2019-08-29T13:50:02</date>
  <millis>1567108202267</millis>
  <sequence>512</sequence>
  <level>PASSED</level>
  <class>com.kms.katalon.core.logging.XmlKeywordLogger</class>
  <method>logMessage</method>
  <thread>1</thread>
  <message>Text &amp;apos;Cape Coral&amp;apos; is set on object &amp;apos;Object Repository/Verizon SMB Object repo/Page_ Fuse (verizonsmb qa)/input_City _customer_addresses_primary_city&amp;apos;</message>
  <nestedLevel>1</nestedLevel>
</record>
<record>
  <date>2019-08-29T13:50:02</date>
  <millis>1567108202269</millis>
  <sequence>513</sequence>
  <level>END</level>
  <class>com.kms.katalon.core.logging.XmlKeywordLogger</class>
  <method>endKeyword</method>
  <thread>1</thread>
  <message>End action : setText(findTestObject(\&amp;quot;Verizon SMB Object repo/Page_ Fuse (verizonsmb qa)/input_City _customer_addresses_primary_city\&amp;quot;), \&amp;quot;Cape Coral\&amp;quot;)</message>
  <nestedLevel>1</nestedLevel>
</record>
<record>
  <date>2019-08-29T13:50:02</date>
  <millis>1567108202269</millis>
  <sequence>514</sequence>
  <level>START</level>
  <class>com.kms.katalon.core.logging.XmlKeywordLogger</class>
  <method>startKeyword</method>
  <thread>1</thread>
  <message>Start action : selectOptionByIndex(findTestObject(\&amp;quot;Verizon SMB Object repo/Page_ Fuse (verizonsmb qa)/select_Alabama\&amp;quot;), 10)</message>
  <nestedLevel>1</nestedLevel>
  <property name="startLine">57</property>
  <property name="stepIndex">18</property>
</record>
<record>
  <date>2019-08-29T13:50:02</date>
  <millis>1567108202740</millis>
  <sequence>526</sequence>
  <level>PASSED</level>
  <class>com.kms.katalon.core.logging.XmlKeywordLogger</class>
  <method>logMessage</method>
  <thread>1</thread>
  <message>All options with index in [10] are selected on object &amp;apos;Object Repository/Verizon SMB Object repo/Page_ Fuse (verizonsmb qa)/select_Alabama&amp;apos;</message>
  <nestedLevel>1</nestedLevel>
</record>
<record>
  <date>2019-08-29T13:50:02</date>
  <millis>1567108202742</millis>
  <sequence>527</sequence>
  <level>END</level>
  <class>com.kms.katalon.core.logging.XmlKeywordLogger</class>
  <method>endKeyword</method>
  <thread>1</thread>
  <message>End action : selectOptionByIndex(findTestObject(\&amp;quot;Verizon SMB Object repo/Page_ Fuse (verizonsmb qa)/select_Alabama\&amp;quot;), 10)</message>
  <nestedLevel>1</nestedLevel>
</record>
<record>
  <date>2019-08-29T13:50:02</date>
  <millis>1567108202742</millis>
  <sequence>528</sequence>
  <level>START</level>
  <class>com.kms.katalon.core.logging.XmlKeywordLogger</class>
  <method>startKeyword</method>
  <thread>1</thread>
  <message>Start action : setText(findTestObject(\&amp;quot;Verizon SMB Object repo/Page_ Fuse (verizonsmb qa)/input_ZipPostal Code _customer_addresses_primary_postal_code\&amp;quot;), \&amp;quot;33991\&amp;quot;)</message>
  <nestedLevel>1</nestedLevel>
  <property name="startLine">59</property>
  <property name="stepIndex">19</property>
</record>
<record>
  <date>2019-08-29T13:50:03</date>
  <millis>1567108203463</millis>
  <sequence>537</sequence>
  <level>PASSED</level>
  <class>com.kms.katalon.core.logging.XmlKeywordLogger</class>
  <method>logMessage</method>
  <thread>1</thread>
  <message>Text &amp;apos;33991&amp;apos; is set on object &amp;apos;Object Repository/Verizon SMB Object repo/Page_ Fuse (verizonsmb qa)/input_ZipPostal Code _customer_addresses_primary_postal_code&amp;apos;</message>
  <nestedLevel>1</nestedLevel>
</record>
<record>
  <date>2019-08-29T13:50:03</date>
  <millis>1567108203463</millis>
  <sequence>538</sequence>
  <level>END</level>
  <class>com.kms.katalon.core.logging.XmlKeywordLogger</class>
  <method>endKeyword</method>
  <thread>1</thread>
  <message>End action : setText(findTestObject(\&amp;quot;Verizon SMB Object repo/Page_ Fuse (verizonsmb qa)/input_ZipPostal Code _customer_addresses_primary_postal_code\&amp;quot;), \&amp;quot;33991\&amp;quot;)</message>
  <nestedLevel>1</nestedLevel>
</record>
<record>
  <date>2019-08-29T13:50:03</date>
  <millis>1567108203464</millis>
  <sequence>539</sequence>
  <level>START</level>
  <class>com.kms.katalon.core.logging.XmlKeywordLogger</class>
  <method>startKeyword</method>
  <thread>1</thread>
  <message>Start action : scrollToPosition(9999999, 9999999)</message>
  <nestedLevel>1</nestedLevel>
  <property name="startLine">62</property>
  <property name="stepIndex">20</property>
</record>
<record>
  <date>2019-08-29T13:50:03</date>
  <millis>1567108203539</millis>
  <sequence>543</sequence>
  <level>PASSED</level>
  <class>com.kms.katalon.core.logging.XmlKeywordLogger</class>
  <method>logMessage</method>
  <thread>1</thread>
  <message>Browser is scrolled to position x = 9999999, y = 9999999</message>
  <nestedLevel>1</nestedLevel>
</record>
<record>
  <date>2019-08-29T13:50:03</date>
  <millis>1567108203540</millis>
  <sequence>544</sequence>
  <level>END</level>
  <class>com.kms.katalon.core.logging.XmlKeywordLogger</class>
  <method>endKeyword</method>
  <thread>1</thread>
  <message>End action : scrollToPosition(9999999, 9999999)</message>
  <nestedLevel>1</nestedLevel>
</record>
<record>
  <date>2019-08-29T13:50:03</date>
  <millis>1567108203540</millis>
  <sequence>545</sequence>
  <level>START</level>
  <class>com.kms.katalon.core.logging.XmlKeywordLogger</class>
  <method>startKeyword</method>
  <thread>1</thread>
  <message>Start action : click(findTestObject(\&amp;quot;CTL full order/Page_ Fuse (Matthew Browning)/button_Next\&amp;quot;))</message>
  <nestedLevel>1</nestedLevel>
  <property name="startLine">64</property>
  <property name="stepIndex">21</property>
</record>
<record>
  <date>2019-08-29T13:50:03</date>
  <millis>1567108203954</millis>
  <sequence>552</sequence>
  <level>PASSED</level>
  <class>com.kms.katalon.core.logging.XmlKeywordLogger</class>
  <method>logMessage</method>
  <thread>1</thread>
  <message>Object: &amp;apos;Object Repository/CTL full order/Page_ Fuse (Matthew Browning)/button_Next&amp;apos; is clicked on</message>
  <nestedLevel>1</nestedLevel>
</record>
<record>
  <date>2019-08-29T13:50:03</date>
  <millis>1567108203955</millis>
  <sequence>553</sequence>
  <level>END</level>
  <class>com.kms.katalon.core.logging.XmlKeywordLogger</class>
  <method>endKeyword</method>
  <thread>1</thread>
  <message>End action : click(findTestObject(\&amp;quot;CTL full order/Page_ Fuse (Matthew Browning)/button_Next\&amp;quot;))</message>
  <nestedLevel>1</nestedLevel>
</record>
<record>
  <date>2019-08-29T13:50:03</date>
  <millis>1567108203955</millis>
  <sequence>554</sequence>
  <level>START</level>
  <class>com.kms.katalon.core.logging.XmlKeywordLogger</class>
  <method>startKeyword</method>
  <thread>1</thread>
  <message>Start action : waitForElementVisible(findTestObject(\&amp;quot;Matts objects/CTL products page/Page_ Fuse (Centurylink qa)/h1_Products\&amp;quot;), 290)</message>
  <nestedLevel>1</nestedLevel>
  <property name="startLine">66</property>
  <property name="stepIndex">22</property>
</record>
